
*** Running vivado
    with args -log cpu_jExtend_0_0.vds -m64 -product Vivado -mode batch -messageDb vivado.pb -notrace -source cpu_jExtend_0_0.tcl


****** Vivado v2018.1 (64-bit)
  **** SW Build 2188600 on Wed Apr  4 18:39:19 MDT 2018
  **** IP Build 2185939 on Wed Apr  4 20:55:05 MDT 2018
    ** Copyright 1986-2018 Xilinx, Inc. All Rights Reserved.

source cpu_jExtend_0_0.tcl -notrace
Command: synth_design -top cpu_jExtend_0_0 -part xc7a35tcpg236-1 -mode out_of_context
Starting synth_design
Attempting to get a license for feature 'Synthesis' and/or device 'xc7a35t'
INFO: [Common 17-349] Got license for feature 'Synthesis' and/or device 'xc7a35t'
INFO: Launching helper process for spawning children vivado processes
INFO: Helper process launched with PID 17741 
---------------------------------------------------------------------------------
Starting Synthesize : Time (s): cpu = 00:00:17 ; elapsed = 00:00:18 . Memory (MB): peak = 1299.586 ; gain = 86.883 ; free physical = 334 ; free virtual = 4055
---------------------------------------------------------------------------------
INFO: [Synth 8-6157] synthesizing module 'cpu_jExtend_0_0' [/home/eadric/Desktop/singleCpu/singleCpu.srcs/sources_1/bd/cpu/ip/cpu_jExtend_0_0/synth/cpu_jExtend_0_0.v:57]
INFO: [Synth 8-6157] synthesizing module 'jExtend' [/home/eadric/Desktop/singleCpu/singleCpu.srcs/sources_1/new/jExtend.v:23]
INFO: [Synth 8-6155] done synthesizing module 'jExtend' (1#1) [/home/eadric/Desktop/singleCpu/singleCpu.srcs/sources_1/new/jExtend.v:23]
INFO: [Synth 8-6155] done synthesizing module 'cpu_jExtend_0_0' (2#1) [/home/eadric/Desktop/singleCpu/singleCpu.srcs/sources_1/bd/cpu/ip/cpu_jExtend_0_0/synth/cpu_jExtend_0_0.v:57]
WARNING: [Synth 8-3331] design jExtend has unconnected port PC4[27]
WARNING: [Synth 8-3331] design jExtend has unconnected port PC4[26]
WARNING: [Synth 8-3331] design jExtend has unconnected port PC4[25]
WARNING: [Synth 8-3331] design jExtend has unconnected port PC4[24]
WARNING: [Synth 8-3331] design jExtend has unconnected port PC4[23]
WARNING: [Synth 8-3331] design jExtend has unconnected port PC4[22]
WARNING: [Synth 8-3331] design jExtend has unconnected port PC4[21]
WARNING: [Synth 8-3331] design jExtend has unconnected port PC4[20]
WARNING: [Synth 8-3331] design jExtend has unconnected port PC4[19]
WARNING: [Synth 8-3331] design jExtend has unconnected port PC4[18]
WARNING: [Synth 8-3331] design jExtend has unconnected port PC4[17]
WARNING: [Synth 8-3331] design jExtend has unconnected port PC4[16]
WARNING: [Synth 8-3331] design jExtend has unconnected port PC4[15]
WARNING: [Synth 8-3331] design jExtend has unconnected port PC4[14]
WARNING: [Synth 8-3331] design jExtend has unconnected port PC4[13]
WARNING: [Synth 8-3331] design jExtend has unconnected port PC4[12]
WARNING: [Synth 8-3331] design jExtend has unconnected port PC4[11]
WARNING: [Synth 8-3331] design jExtend has unconnected port PC4[10]
WARNING: [Synth 8-3331] design jExtend has unconnected port PC4[9]
WARNING: [Synth 8-3331] design jExtend has unconnected port PC4[8]
WARNING: [Synth 8-3331] design jExtend has unconnected port PC4[7]
WARNING: [Synth 8-3331] design jExtend has unconnected port PC4[6]
WARNING: [Synth 8-3331] design jExtend has unconnected port PC4[5]
WARNING: [Synth 8-3331] design jExtend has unconnected port PC4[4]
WARNING: [Synth 8-3331] design jExtend has unconnected port PC4[3]
WARNING: [Synth 8-3331] design jExtend has unconnected port PC4[2]
WARNING: [Synth 8-3331] design jExtend has unconnected port PC4[1]
WARNING: [Synth 8-3331] design jExtend has unconnected port PC4[0]
---------------------------------------------------------------------------------
Finished Synthesize : Time (s): cpu = 00:00:19 ; elapsed = 00:00:21 . Memory (MB): peak = 1343.195 ; gain = 130.492 ; free physical = 358 ; free virtual = 4079
---------------------------------------------------------------------------------
---------------------------------------------------------------------------------
Finished Constraint Validation : Time (s): cpu = 00:00:19 ; elapsed = 00:00:21 . Memory (MB): peak = 1343.195 ; gain = 130.492 ; free physical = 361 ; free virtual = 4082
---------------------------------------------------------------------------------
---------------------------------------------------------------------------------
Start Loading Part and Timing Information
---------------------------------------------------------------------------------
Loading part: xc7a35tcpg236-1
---------------------------------------------------------------------------------
INFO: [Device 21-403] Loading part xc7a35tcpg236-1
Finished Loading Part and Timing Information : Time (s): cpu = 00:00:19 ; elapsed = 00:00:21 . Memory (MB): peak = 1343.195 ; gain = 130.492 ; free physical = 358 ; free virtual = 4079
---------------------------------------------------------------------------------
---------------------------------------------------------------------------------
Finished RTL Optimization Phase 2 : Time (s): cpu = 00:00:19 ; elapsed = 00:00:21 . Memory (MB): peak = 1343.195 ; gain = 130.492 ; free physical = 358 ; free virtual = 4079
---------------------------------------------------------------------------------

Report RTL Partitions: 
+-+--------------+------------+----------+
| |RTL Partition |Replication |Instances |
+-+--------------+------------+----------+
+-+--------------+------------+----------+
No constraint files found.
---------------------------------------------------------------------------------
Start RTL Component Statistics 
---------------------------------------------------------------------------------
Detailed RTL Component Info : 
---------------------------------------------------------------------------------
Finished RTL Component Statistics 
---------------------------------------------------------------------------------
---------------------------------------------------------------------------------
Start RTL Hierarchical Component Statistics 
---------------------------------------------------------------------------------
Hierarchical RTL Component report 
---------------------------------------------------------------------------------
Finished RTL Hierarchical Component Statistics
---------------------------------------------------------------------------------
---------------------------------------------------------------------------------
Start Part Resource Summary
---------------------------------------------------------------------------------
Part Resources:
DSPs: 90 (col length:60)
BRAMs: 100 (col length: RAMB18 60 RAMB36 30)
---------------------------------------------------------------------------------
Finished Part Resource Summary
---------------------------------------------------------------------------------
No constraint files found.
---------------------------------------------------------------------------------
Start Cross Boundary and Area Optimization
---------------------------------------------------------------------------------
Warning: Parallel synthesis criteria is not met 
WARNING: [Synth 8-3330] design cpu_jExtend_0_0 has an empty top module
WARNING: [Synth 8-3331] design cpu_jExtend_0_0 has unconnected port PC4[27]
WARNING: [Synth 8-3331] design cpu_jExtend_0_0 has unconnected port PC4[26]
WARNING: [Synth 8-3331] design cpu_jExtend_0_0 has unconnected port PC4[25]
WARNING: [Synth 8-3331] design cpu_jExtend_0_0 has unconnected port PC4[24]
WARNING: [Synth 8-3331] design cpu_jExtend_0_0 has unconnected port PC4[23]
WARNING: [Synth 8-3331] design cpu_jExtend_0_0 has unconnected port PC4[22]
WARNING: [Synth 8-3331] design cpu_jExtend_0_0 has unconnected port PC4[21]
WARNING: [Synth 8-3331] design cpu_jExtend_0_0 has unconnected port PC4[20]
WARNING: [Synth 8-3331] design cpu_jExtend_0_0 has unconnected port PC4[19]
WARNING: [Synth 8-3331] design cpu_jExtend_0_0 has unconnected port PC4[18]
WARNING: [Synth 8-3331] design cpu_jExtend_0_0 has unconnected port PC4[17]
WARNING: [Synth 8-3331] design cpu_jExtend_0_0 has unconnected port PC4[16]
WARNING: [Synth 8-3331] design cpu_jExtend_0_0 has unconnected port PC4[15]
WARNING: [Synth 8-3331] design cpu_jExtend_0_0 has unconnected port PC4[14]
WARNING: [Synth 8-3331] design cpu_jExtend_0_0 has unconnected port PC4[13]
WARNING: [Synth 8-3331] design cpu_jExtend_0_0 has unconnected port PC4[12]
WARNING: [Synth 8-3331] design cpu_jExtend_0_0 has unconnected port PC4[11]
WARNING: [Synth 8-3331] design cpu_jExtend_0_0 has unconnected port PC4[10]
WARNING: [Synth 8-3331] design cpu_jExtend_0_0 has unconnected port PC4[9]
WARNING: [Synth 8-3331] design cpu_jExtend_0_0 has unconnected port PC4[8]
WARNING: [Synth 8-3331] design cpu_jExtend_0_0 has unconnected port PC4[7]
WARNING: [Synth 8-3331] design cpu_jExtend_0_0 has unconnected port PC4[6]
WARNING: [Synth 8-3331] design cpu_jExtend_0_0 has unconnected port PC4[5]
WARNING: [Synth 8-3331] design cpu_jExtend_0_0 has unconnected port PC4[4]
WARNING: [Synth 8-3331] design cpu_jExtend_0_0 has unconnected port PC4[3]
WARNING: [Synth 8-3331] design cpu_jExtend_0_0 has unconnected port PC4[2]
WARNING: [Synth 8-3331] design cpu_jExtend_0_0 has unconnected port PC4[1]
WARNING: [Synth 8-3331] design cpu_jExtend_0_0 has unconnected port PC4[0]
---------------------------------------------------------------------------------
Finished Cross Boundary and Area Optimization : Time (s): cpu = 00:00:31 ; elapsed = 00:00:55 . Memory (MB): peak = 1432.266 ; gain = 219.562 ; free physical = 92 ; free virtual = 3792
---------------------------------------------------------------------------------

Report RTL Partitions: 
+-+--------------+------------+----------+
| |RTL Partition |Replication |Instances |
+-+--------------+------------+----------+
+-+--------------+------------+----------+
No constraint files found.
---------------------------------------------------------------------------------
Start Timing Optimization
---------------------------------------------------------------------------------
---------------------------------------------------------------------------------
Finished Timing Optimization : Time (s): cpu = 00:00:31 ; elapsed = 00:00:55 . Memory (MB): peak = 1432.266 ; gain = 219.562 ; free physical = 91 ; free virtual = 3791
---------------------------------------------------------------------------------

Report RTL Partitions: 
+-+--------------+------------+----------+
| |RTL Partition |Replication |Instances |
+-+--------------+------------+----------+
+-+--------------+------------+----------+
---------------------------------------------------------------------------------
Start Technology Mapping
---------------------------------------------------------------------------------
---------------------------------------------------------------------------------
Finished Technology Mapping : Time (s): cpu = 00:00:31 ; elapsed = 00:00:55 . Memory (MB): peak = 1432.266 ; gain = 219.562 ; free physical = 91 ; free virtual = 3791
---------------------------------------------------------------------------------

Report RTL Partitions: 
+-+--------------+------------+----------+
| |RTL Partition |Replication |Instances |
+-+--------------+------------+----------+
+-+--------------+------------+----------+
---------------------------------------------------------------------------------
Start IO Insertion
---------------------------------------------------------------------------------
---------------------------------------------------------------------------------
Start Flattening Before IO Insertion
---------------------------------------------------------------------------------
---------------------------------------------------------------------------------
Finished Flattening Before IO Insertion
---------------------------------------------------------------------------------
---------------------------------------------------------------------------------
Start Final Netlist Cleanup
---------------------------------------------------------------------------------
---------------------------------------------------------------------------------
Finished Final Netlist Cleanup
---------------------------------------------------------------------------------
---------------------------------------------------------------------------------
Finished IO Insertion : Time (s): cpu = 00:00:32 ; elapsed = 00:00:56 . Memory (MB): peak = 1432.266 ; gain = 219.562 ; free physical = 98 ; free virtual = 3779
---------------------------------------------------------------------------------

Report Check Netlist: 
+------+------------------+-------+---------+-------+------------------+
|      |Item              |Errors |Warnings |Status |Description       |
+------+------------------+-------+---------+-------+------------------+
|1     |multi_driven_nets |      0|        0|Passed |Multi driven nets |
+------+------------------+-------+---------+-------+------------------+
---------------------------------------------------------------------------------
Start Renaming Generated Instances
---------------------------------------------------------------------------------
---------------------------------------------------------------------------------
Finished Renaming Generated Instances : Time (s): cpu = 00:00:32 ; elapsed = 00:00:57 . Memory (MB): peak = 1432.266 ; gain = 219.562 ; free physical = 98 ; free virtual = 3779
---------------------------------------------------------------------------------

Report RTL Partitions: 
+-+--------------+------------+----------+
| |RTL Partition |Replication |Instances |
+-+--------------+------------+----------+
+-+--------------+------------+----------+
---------------------------------------------------------------------------------
Start Rebuilding User Hierarchy
---------------------------------------------------------------------------------
---------------------------------------------------------------------------------
Finished Rebuilding User Hierarchy : Time (s): cpu = 00:00:32 ; elapsed = 00:00:57 . Memory (MB): peak = 1432.266 ; gain = 219.562 ; free physical = 98 ; free virtual = 3779
---------------------------------------------------------------------------------
---------------------------------------------------------------------------------
Start Renaming Generated Ports
---------------------------------------------------------------------------------
---------------------------------------------------------------------------------
Finished Renaming Generated Ports : Time (s): cpu = 00:00:32 ; elapsed = 00:00:57 . Memory (MB): peak = 1432.266 ; gain = 219.562 ; free physical = 98 ; free virtual = 3779
---------------------------------------------------------------------------------
---------------------------------------------------------------------------------
Start Handling Custom Attributes
---------------------------------------------------------------------------------
---------------------------------------------------------------------------------
Finished Handling Custom Attributes : Time (s): cpu = 00:00:33 ; elapsed = 00:00:57 . Memory (MB): peak = 1432.266 ; gain = 219.562 ; free physical = 98 ; free virtual = 3779
---------------------------------------------------------------------------------
---------------------------------------------------------------------------------
Start Renaming Generated Nets
---------------------------------------------------------------------------------
---------------------------------------------------------------------------------
Finished Renaming Generated Nets : Time (s): cpu = 00:00:33 ; elapsed = 00:00:57 . Memory (MB): peak = 1432.266 ; gain = 219.562 ; free physical = 98 ; free virtual = 3779
---------------------------------------------------------------------------------
---------------------------------------------------------------------------------
Start Writing Synthesis Report
---------------------------------------------------------------------------------

Report BlackBoxes: 
+-+--------------+----------+
| |BlackBox name |Instances |
+-+--------------+----------+
+-+--------------+----------+

Report Cell Usage: 
+-+-----+------+
| |Cell |Count |
+-+-----+------+
+-+-----+------+

Report Instance Areas: 
+------+---------+-------+------+
|      |Instance |Module |Cells |
+------+---------+-------+------+
|1     |top      |       |     0|
+------+---------+-------+------+
---------------------------------------------------------------------------------
Finished Writing Synthesis Report : Time (s): cpu = 00:00:33 ; elapsed = 00:00:57 . Memory (MB): peak = 1432.266 ; gain = 219.562 ; free physical = 98 ; free virtual = 3779
---------------------------------------------------------------------------------
Synthesis finished with 0 errors, 0 critical warnings and 57 warnings.
Synthesis Optimization Runtime : Time (s): cpu = 00:00:33 ; elapsed = 00:00:57 . Memory (MB): peak = 1432.266 ; gain = 219.562 ; free physical = 98 ; free virtual = 3779
Synthesis Optimization Complete : Time (s): cpu = 00:00:33 ; elapsed = 00:00:57 . Memory (MB): peak = 1432.273 ; gain = 219.562 ; free physical = 98 ; free virtual = 3779
INFO: [Project 1-571] Translating synthesized netlist
INFO: [Project 1-570] Preparing netlist for logic optimization
INFO: [Opt 31-138] Pushed 0 inverter(s) to 0 load pin(s).
INFO: [Project 1-111] Unisim Transformation Summary:
No Unisim elements were transformed.

INFO: [Common 17-83] Releasing license: Synthesis
11 Infos, 57 Warnings, 0 Critical Warnings and 0 Errors encountered.
synth_design completed successfully
synth_design: Time (s): cpu = 00:00:37 ; elapsed = 00:01:00 . Memory (MB): peak = 1525.336 ; gain = 325.203 ; free physical = 136 ; free virtual = 3726
INFO: [Timing 38-35] Done setting XDC timing constraints.
INFO: [Common 17-1381] The checkpoint '/home/eadric/Desktop/singleCpu/singleCpu.runs/cpu_jExtend_0_0_synth_1/cpu_jExtend_0_0.dcp' has been generated.
write_checkpoint: Time (s): cpu = 00:00:23 ; elapsed = 00:01:26 . Memory (MB): peak = 1912.859 ; gain = 387.523 ; free physical = 79 ; free virtual = 2527
INFO: [Common 17-1381] The checkpoint '/home/eadric/Desktop/singleCpu/singleCpu.runs/cpu_jExtend_0_0_synth_1/cpu_jExtend_0_0.dcp' has been generated.
INFO: [runtcl-4] Executing : report_utilization -file cpu_jExtend_0_0_utilization_synth.rpt -pb cpu_jExtend_0_0_utilization_synth.pb
report_utilization: Time (s): cpu = 00:00:00.18 ; elapsed = 00:00:02 . Memory (MB): peak = 1912.859 ; gain = 0.000 ; free physical = 78 ; free virtual = 2550
INFO: [Common 17-206] Exiting Vivado at Wed Jun 13 20:08:42 2018...
