
*** Running vivado
    with args -log cpu.vds -m64 -product Vivado -mode batch -messageDb vivado.pb -notrace -source cpu.tcl


****** Vivado v2018.1 (64-bit)
  **** SW Build 2188600 on Wed Apr  4 18:39:19 MDT 2018
  **** IP Build 2185939 on Wed Apr  4 20:55:05 MDT 2018
    ** Copyright 1986-2018 Xilinx, Inc. All Rights Reserved.

source cpu.tcl -notrace
INFO: [IP_Flow 19-234] Refreshing IP repositories
INFO: [IP_Flow 19-1704] No user IP repositories specified
INFO: [IP_Flow 19-2313] Loaded Vivado IP repository '/opt/Xilinx/Vivado/2018.1/data/ip'.
add_files: Time (s): cpu = 00:04:30 ; elapsed = 00:01:38 . Memory (MB): peak = 1506.270 ; gain = 326.148 ; free physical = 633 ; free virtual = 4324
Command: synth_design -top cpu -part xc7a35tcpg236-1
Starting synth_design
Attempting to get a license for feature 'Synthesis' and/or device 'xc7a35t'
INFO: [Common 17-349] Got license for feature 'Synthesis' and/or device 'xc7a35t'
INFO: Launching helper process for spawning children vivado processes
INFO: Helper process launched with PID 60084 
---------------------------------------------------------------------------------
Starting RTL Elaboration : Time (s): cpu = 00:00:09 ; elapsed = 00:00:10 . Memory (MB): peak = 1506.270 ; gain = 0.000 ; free physical = 521 ; free virtual = 4214
---------------------------------------------------------------------------------
INFO: [Synth 8-6157] synthesizing module 'cpu' [/home/eadric/Desktop/singleCpu/singleCpu.srcs/sources_1/bd/cpu/synth/cpu.v:13]
INFO: [Synth 8-6157] synthesizing module 'cpu_IR_0_0' [/home/eadric/Desktop/singleCpu/singleCpu.runs/synth_1/.Xil/Vivado-56539-eadric-PC/realtime/cpu_IR_0_0_stub.v:6]
INFO: [Synth 8-6155] done synthesizing module 'cpu_IR_0_0' (1#1) [/home/eadric/Desktop/singleCpu/singleCpu.runs/synth_1/.Xil/Vivado-56539-eadric-PC/realtime/cpu_IR_0_0_stub.v:6]
INFO: [Synth 8-6157] synthesizing module 'cpu_addBranch_0_0' [/home/eadric/Desktop/singleCpu/singleCpu.runs/synth_1/.Xil/Vivado-56539-eadric-PC/realtime/cpu_addBranch_0_0_stub.v:6]
INFO: [Synth 8-6155] done synthesizing module 'cpu_addBranch_0_0' (2#1) [/home/eadric/Desktop/singleCpu/singleCpu.runs/synth_1/.Xil/Vivado-56539-eadric-PC/realtime/cpu_addBranch_0_0_stub.v:6]
INFO: [Synth 8-6157] synthesizing module 'cpu_add_0_0' [/home/eadric/Desktop/singleCpu/singleCpu.runs/synth_1/.Xil/Vivado-56539-eadric-PC/realtime/cpu_add_0_0_stub.v:6]
INFO: [Synth 8-6155] done synthesizing module 'cpu_add_0_0' (3#1) [/home/eadric/Desktop/singleCpu/singleCpu.runs/synth_1/.Xil/Vivado-56539-eadric-PC/realtime/cpu_add_0_0_stub.v:6]
INFO: [Synth 8-6157] synthesizing module 'cpu_alu_0_0' [/home/eadric/Desktop/singleCpu/singleCpu.runs/synth_1/.Xil/Vivado-56539-eadric-PC/realtime/cpu_alu_0_0_stub.v:6]
INFO: [Synth 8-6155] done synthesizing module 'cpu_alu_0_0' (4#1) [/home/eadric/Desktop/singleCpu/singleCpu.runs/synth_1/.Xil/Vivado-56539-eadric-PC/realtime/cpu_alu_0_0_stub.v:6]
INFO: [Synth 8-6157] synthesizing module 'cpu_clk_divide_0_0' [/home/eadric/Desktop/singleCpu/singleCpu.runs/synth_1/.Xil/Vivado-56539-eadric-PC/realtime/cpu_clk_divide_0_0_stub.v:6]
INFO: [Synth 8-6155] done synthesizing module 'cpu_clk_divide_0_0' (5#1) [/home/eadric/Desktop/singleCpu/singleCpu.runs/synth_1/.Xil/Vivado-56539-eadric-PC/realtime/cpu_clk_divide_0_0_stub.v:6]
INFO: [Synth 8-6157] synthesizing module 'cpu_clock_0_0' [/home/eadric/Desktop/singleCpu/singleCpu.runs/synth_1/.Xil/Vivado-56539-eadric-PC/realtime/cpu_clock_0_0_stub.v:6]
INFO: [Synth 8-6155] done synthesizing module 'cpu_clock_0_0' (6#1) [/home/eadric/Desktop/singleCpu/singleCpu.runs/synth_1/.Xil/Vivado-56539-eadric-PC/realtime/cpu_clock_0_0_stub.v:6]
INFO: [Synth 8-6157] synthesizing module 'cpu_ctrlUnit_0_0' [/home/eadric/Desktop/singleCpu/singleCpu.runs/synth_1/.Xil/Vivado-56539-eadric-PC/realtime/cpu_ctrlUnit_0_0_stub.v:6]
INFO: [Synth 8-6155] done synthesizing module 'cpu_ctrlUnit_0_0' (7#1) [/home/eadric/Desktop/singleCpu/singleCpu.runs/synth_1/.Xil/Vivado-56539-eadric-PC/realtime/cpu_ctrlUnit_0_0_stub.v:6]
INFO: [Synth 8-6157] synthesizing module 'cpu_dataMem_0_0' [/home/eadric/Desktop/singleCpu/singleCpu.runs/synth_1/.Xil/Vivado-56539-eadric-PC/realtime/cpu_dataMem_0_0_stub.v:6]
INFO: [Synth 8-6155] done synthesizing module 'cpu_dataMem_0_0' (8#1) [/home/eadric/Desktop/singleCpu/singleCpu.runs/synth_1/.Xil/Vivado-56539-eadric-PC/realtime/cpu_dataMem_0_0_stub.v:6]
INFO: [Synth 8-6157] synthesizing module 'cpu_four_0_0' [/home/eadric/Desktop/singleCpu/singleCpu.runs/synth_1/.Xil/Vivado-56539-eadric-PC/realtime/cpu_four_0_0_stub.v:6]
INFO: [Synth 8-6155] done synthesizing module 'cpu_four_0_0' (9#1) [/home/eadric/Desktop/singleCpu/singleCpu.runs/synth_1/.Xil/Vivado-56539-eadric-PC/realtime/cpu_four_0_0_stub.v:6]
INFO: [Synth 8-6157] synthesizing module 'cpu_insMem_0_0' [/home/eadric/Desktop/singleCpu/singleCpu.runs/synth_1/.Xil/Vivado-56539-eadric-PC/realtime/cpu_insMem_0_0_stub.v:6]
INFO: [Synth 8-6155] done synthesizing module 'cpu_insMem_0_0' (10#1) [/home/eadric/Desktop/singleCpu/singleCpu.runs/synth_1/.Xil/Vivado-56539-eadric-PC/realtime/cpu_insMem_0_0_stub.v:6]
INFO: [Synth 8-6157] synthesizing module 'cpu_jExtend_0_0' [/home/eadric/Desktop/singleCpu/singleCpu.runs/synth_1/.Xil/Vivado-56539-eadric-PC/realtime/cpu_jExtend_0_0_stub.v:6]
INFO: [Synth 8-6155] done synthesizing module 'cpu_jExtend_0_0' (11#1) [/home/eadric/Desktop/singleCpu/singleCpu.runs/synth_1/.Xil/Vivado-56539-eadric-PC/realtime/cpu_jExtend_0_0_stub.v:6]
INFO: [Synth 8-6157] synthesizing module 'cpu_lShift2_0_0' [/home/eadric/Desktop/singleCpu/singleCpu.runs/synth_1/.Xil/Vivado-56539-eadric-PC/realtime/cpu_lShift2_0_0_stub.v:6]
INFO: [Synth 8-6155] done synthesizing module 'cpu_lShift2_0_0' (12#1) [/home/eadric/Desktop/singleCpu/singleCpu.runs/synth_1/.Xil/Vivado-56539-eadric-PC/realtime/cpu_lShift2_0_0_stub.v:6]
INFO: [Synth 8-6157] synthesizing module 'cpu_led_0_0' [/home/eadric/Desktop/singleCpu/singleCpu.runs/synth_1/.Xil/Vivado-56539-eadric-PC/realtime/cpu_led_0_0_stub.v:6]
INFO: [Synth 8-6155] done synthesizing module 'cpu_led_0_0' (13#1) [/home/eadric/Desktop/singleCpu/singleCpu.runs/synth_1/.Xil/Vivado-56539-eadric-PC/realtime/cpu_led_0_0_stub.v:6]
INFO: [Synth 8-6157] synthesizing module 'cpu_lshift2_26_0_0' [/home/eadric/Desktop/singleCpu/singleCpu.runs/synth_1/.Xil/Vivado-56539-eadric-PC/realtime/cpu_lshift2_26_0_0_stub.v:6]
INFO: [Synth 8-6155] done synthesizing module 'cpu_lshift2_26_0_0' (14#1) [/home/eadric/Desktop/singleCpu/singleCpu.runs/synth_1/.Xil/Vivado-56539-eadric-PC/realtime/cpu_lshift2_26_0_0_stub.v:6]
INFO: [Synth 8-6157] synthesizing module 'cpu_pc_0_0' [/home/eadric/Desktop/singleCpu/singleCpu.runs/synth_1/.Xil/Vivado-56539-eadric-PC/realtime/cpu_pc_0_0_stub.v:6]
INFO: [Synth 8-6155] done synthesizing module 'cpu_pc_0_0' (15#1) [/home/eadric/Desktop/singleCpu/singleCpu.runs/synth_1/.Xil/Vivado-56539-eadric-PC/realtime/cpu_pc_0_0_stub.v:6]
INFO: [Synth 8-6157] synthesizing module 'cpu_pick21_32_0_0' [/home/eadric/Desktop/singleCpu/singleCpu.runs/synth_1/.Xil/Vivado-56539-eadric-PC/realtime/cpu_pick21_32_0_0_stub.v:6]
INFO: [Synth 8-6155] done synthesizing module 'cpu_pick21_32_0_0' (16#1) [/home/eadric/Desktop/singleCpu/singleCpu.runs/synth_1/.Xil/Vivado-56539-eadric-PC/realtime/cpu_pick21_32_0_0_stub.v:6]
INFO: [Synth 8-6157] synthesizing module 'cpu_pick21_32_1_0' [/home/eadric/Desktop/singleCpu/singleCpu.runs/synth_1/.Xil/Vivado-56539-eadric-PC/realtime/cpu_pick21_32_1_0_stub.v:6]
INFO: [Synth 8-6155] done synthesizing module 'cpu_pick21_32_1_0' (17#1) [/home/eadric/Desktop/singleCpu/singleCpu.runs/synth_1/.Xil/Vivado-56539-eadric-PC/realtime/cpu_pick21_32_1_0_stub.v:6]
INFO: [Synth 8-6157] synthesizing module 'cpu_pick21_32_5_0_0' [/home/eadric/Desktop/singleCpu/singleCpu.runs/synth_1/.Xil/Vivado-56539-eadric-PC/realtime/cpu_pick21_32_5_0_0_stub.v:6]
INFO: [Synth 8-6155] done synthesizing module 'cpu_pick21_32_5_0_0' (18#1) [/home/eadric/Desktop/singleCpu/singleCpu.runs/synth_1/.Xil/Vivado-56539-eadric-PC/realtime/cpu_pick21_32_5_0_0_stub.v:6]
INFO: [Synth 8-6157] synthesizing module 'cpu_pick41_0_0' [/home/eadric/Desktop/singleCpu/singleCpu.runs/synth_1/.Xil/Vivado-56539-eadric-PC/realtime/cpu_pick41_0_0_stub.v:6]
INFO: [Synth 8-6155] done synthesizing module 'cpu_pick41_0_0' (19#1) [/home/eadric/Desktop/singleCpu/singleCpu.runs/synth_1/.Xil/Vivado-56539-eadric-PC/realtime/cpu_pick41_0_0_stub.v:6]
INFO: [Synth 8-6157] synthesizing module 'cpu_pick_data_0_0' [/home/eadric/Desktop/singleCpu/singleCpu.runs/synth_1/.Xil/Vivado-56539-eadric-PC/realtime/cpu_pick_data_0_0_stub.v:6]
INFO: [Synth 8-6155] done synthesizing module 'cpu_pick_data_0_0' (20#1) [/home/eadric/Desktop/singleCpu/singleCpu.runs/synth_1/.Xil/Vivado-56539-eadric-PC/realtime/cpu_pick_data_0_0_stub.v:6]
INFO: [Synth 8-6157] synthesizing module 'cpu_regFile_0_0' [/home/eadric/Desktop/singleCpu/singleCpu.runs/synth_1/.Xil/Vivado-56539-eadric-PC/realtime/cpu_regFile_0_0_stub.v:6]
INFO: [Synth 8-6155] done synthesizing module 'cpu_regFile_0_0' (21#1) [/home/eadric/Desktop/singleCpu/singleCpu.runs/synth_1/.Xil/Vivado-56539-eadric-PC/realtime/cpu_regFile_0_0_stub.v:6]
INFO: [Synth 8-6157] synthesizing module 'cpu_show_0_0' [/home/eadric/Desktop/singleCpu/singleCpu.runs/synth_1/.Xil/Vivado-56539-eadric-PC/realtime/cpu_show_0_0_stub.v:6]
INFO: [Synth 8-6155] done synthesizing module 'cpu_show_0_0' (22#1) [/home/eadric/Desktop/singleCpu/singleCpu.runs/synth_1/.Xil/Vivado-56539-eadric-PC/realtime/cpu_show_0_0_stub.v:6]
INFO: [Synth 8-6157] synthesizing module 'cpu_szExtend_0_0' [/home/eadric/Desktop/singleCpu/singleCpu.runs/synth_1/.Xil/Vivado-56539-eadric-PC/realtime/cpu_szExtend_0_0_stub.v:6]
INFO: [Synth 8-6155] done synthesizing module 'cpu_szExtend_0_0' (23#1) [/home/eadric/Desktop/singleCpu/singleCpu.runs/synth_1/.Xil/Vivado-56539-eadric-PC/realtime/cpu_szExtend_0_0_stub.v:6]
INFO: [Synth 8-6157] synthesizing module 'cpu_transtate_0_0' [/home/eadric/Desktop/singleCpu/singleCpu.runs/synth_1/.Xil/Vivado-56539-eadric-PC/realtime/cpu_transtate_0_0_stub.v:6]
INFO: [Synth 8-6155] done synthesizing module 'cpu_transtate_0_0' (24#1) [/home/eadric/Desktop/singleCpu/singleCpu.runs/synth_1/.Xil/Vivado-56539-eadric-PC/realtime/cpu_transtate_0_0_stub.v:6]
INFO: [Synth 8-6155] done synthesizing module 'cpu' (25#1) [/home/eadric/Desktop/singleCpu/singleCpu.srcs/sources_1/bd/cpu/synth/cpu.v:13]
---------------------------------------------------------------------------------
Finished RTL Elaboration : Time (s): cpu = 00:00:10 ; elapsed = 00:00:11 . Memory (MB): peak = 1506.270 ; gain = 0.000 ; free physical = 533 ; free virtual = 4227
---------------------------------------------------------------------------------

Report Check Netlist: 
+------+------------------+-------+---------+-------+------------------+
|      |Item              |Errors |Warnings |Status |Description       |
+------+------------------+-------+---------+-------+------------------+
|1     |multi_driven_nets |      0|        0|Passed |Multi driven nets |
+------+------------------+-------+---------+-------+------------------+
---------------------------------------------------------------------------------
Start Handling Custom Attributes
---------------------------------------------------------------------------------
---------------------------------------------------------------------------------
Finished Handling Custom Attributes : Time (s): cpu = 00:00:10 ; elapsed = 00:00:11 . Memory (MB): peak = 1506.270 ; gain = 0.000 ; free physical = 532 ; free virtual = 4226
---------------------------------------------------------------------------------
---------------------------------------------------------------------------------
Finished RTL Optimization Phase 1 : Time (s): cpu = 00:00:10 ; elapsed = 00:00:11 . Memory (MB): peak = 1506.270 ; gain = 0.000 ; free physical = 532 ; free virtual = 4226
---------------------------------------------------------------------------------
INFO: [Device 21-403] Loading part xc7a35tcpg236-1
INFO: [Project 1-570] Preparing netlist for logic optimization

Processing XDC Constraints
Initializing timing engine
Parsing XDC File [/home/eadric/Desktop/singleCpu/singleCpu.srcs/sources_1/bd/cpu/ip/cpu_pc_0_0/cpu_pc_0_0/cpu_pc_0_0_in_context.xdc] for cell 'pc_0'
Finished Parsing XDC File [/home/eadric/Desktop/singleCpu/singleCpu.srcs/sources_1/bd/cpu/ip/cpu_pc_0_0/cpu_pc_0_0/cpu_pc_0_0_in_context.xdc] for cell 'pc_0'
Parsing XDC File [/home/eadric/Desktop/singleCpu/singleCpu.srcs/sources_1/bd/cpu/ip/cpu_four_0_0/cpu_four_0_0/cpu_four_0_0_in_context.xdc] for cell 'four_0'
Finished Parsing XDC File [/home/eadric/Desktop/singleCpu/singleCpu.srcs/sources_1/bd/cpu/ip/cpu_four_0_0/cpu_four_0_0/cpu_four_0_0_in_context.xdc] for cell 'four_0'
Parsing XDC File [/home/eadric/Desktop/singleCpu/singleCpu.srcs/sources_1/bd/cpu/ip/cpu_lshift2_26_0_0/cpu_lshift2_26_0_0/cpu_lshift2_26_0_0_in_context.xdc] for cell 'lshift2_26_0'
Finished Parsing XDC File [/home/eadric/Desktop/singleCpu/singleCpu.srcs/sources_1/bd/cpu/ip/cpu_lshift2_26_0_0/cpu_lshift2_26_0_0/cpu_lshift2_26_0_0_in_context.xdc] for cell 'lshift2_26_0'
Parsing XDC File [/home/eadric/Desktop/singleCpu/singleCpu.srcs/sources_1/bd/cpu/ip/cpu_jExtend_0_0/cpu_jExtend_0_0/cpu_jExtend_0_0_in_context.xdc] for cell 'jExtend_0'
Finished Parsing XDC File [/home/eadric/Desktop/singleCpu/singleCpu.srcs/sources_1/bd/cpu/ip/cpu_jExtend_0_0/cpu_jExtend_0_0/cpu_jExtend_0_0_in_context.xdc] for cell 'jExtend_0'
Parsing XDC File [/home/eadric/Desktop/singleCpu/singleCpu.srcs/sources_1/bd/cpu/ip/cpu_szExtend_0_0/cpu_szExtend_0_0/cpu_szExtend_0_0_in_context.xdc] for cell 'szExtend_0'
Finished Parsing XDC File [/home/eadric/Desktop/singleCpu/singleCpu.srcs/sources_1/bd/cpu/ip/cpu_szExtend_0_0/cpu_szExtend_0_0/cpu_szExtend_0_0_in_context.xdc] for cell 'szExtend_0'
Parsing XDC File [/home/eadric/Desktop/singleCpu/singleCpu.srcs/sources_1/bd/cpu/ip/cpu_add_0_0/cpu_add_0_0/cpu_add_0_0_in_context.xdc] for cell 'add_0'
Finished Parsing XDC File [/home/eadric/Desktop/singleCpu/singleCpu.srcs/sources_1/bd/cpu/ip/cpu_add_0_0/cpu_add_0_0/cpu_add_0_0_in_context.xdc] for cell 'add_0'
Parsing XDC File [/home/eadric/Desktop/singleCpu/singleCpu.srcs/sources_1/bd/cpu/ip/cpu_insMem_0_0/cpu_insMem_0_0/cpu_insMem_0_0_in_context.xdc] for cell 'insMem_0'
Finished Parsing XDC File [/home/eadric/Desktop/singleCpu/singleCpu.srcs/sources_1/bd/cpu/ip/cpu_insMem_0_0/cpu_insMem_0_0/cpu_insMem_0_0_in_context.xdc] for cell 'insMem_0'
Parsing XDC File [/home/eadric/Desktop/singleCpu/singleCpu.srcs/sources_1/bd/cpu/ip/cpu_addBranch_0_0/cpu_addBranch_0_0/cpu_addBranch_0_0_in_context.xdc] for cell 'addBranch_0'
Finished Parsing XDC File [/home/eadric/Desktop/singleCpu/singleCpu.srcs/sources_1/bd/cpu/ip/cpu_addBranch_0_0/cpu_addBranch_0_0/cpu_addBranch_0_0_in_context.xdc] for cell 'addBranch_0'
Parsing XDC File [/home/eadric/Desktop/singleCpu/singleCpu.srcs/sources_1/bd/cpu/ip/cpu_lShift2_0_0/cpu_lShift2_0_0/cpu_lShift2_0_0_in_context.xdc] for cell 'lShift2_0'
Finished Parsing XDC File [/home/eadric/Desktop/singleCpu/singleCpu.srcs/sources_1/bd/cpu/ip/cpu_lShift2_0_0/cpu_lShift2_0_0/cpu_lShift2_0_0_in_context.xdc] for cell 'lShift2_0'
Parsing XDC File [/home/eadric/Desktop/singleCpu/singleCpu.srcs/sources_1/bd/cpu/ip/cpu_ctrlUnit_0_0/cpu_ctrlUnit_0_0/cpu_ctrlUnit_0_0_in_context.xdc] for cell 'ctrlUnit_0'
Finished Parsing XDC File [/home/eadric/Desktop/singleCpu/singleCpu.srcs/sources_1/bd/cpu/ip/cpu_ctrlUnit_0_0/cpu_ctrlUnit_0_0/cpu_ctrlUnit_0_0_in_context.xdc] for cell 'ctrlUnit_0'
Parsing XDC File [/home/eadric/Desktop/singleCpu/singleCpu.srcs/sources_1/bd/cpu/ip/cpu_regFile_0_0/cpu_regFile_0_0/cpu_regFile_0_0_in_context.xdc] for cell 'regFile_0'
Finished Parsing XDC File [/home/eadric/Desktop/singleCpu/singleCpu.srcs/sources_1/bd/cpu/ip/cpu_regFile_0_0/cpu_regFile_0_0/cpu_regFile_0_0_in_context.xdc] for cell 'regFile_0'
Parsing XDC File [/home/eadric/Desktop/singleCpu/singleCpu.srcs/sources_1/bd/cpu/ip/cpu_pick21_32_5_0_0/cpu_pick21_32_5_0_0/cpu_pick21_32_5_0_0_in_context.xdc] for cell 'pick21_32_5_0'
Finished Parsing XDC File [/home/eadric/Desktop/singleCpu/singleCpu.srcs/sources_1/bd/cpu/ip/cpu_pick21_32_5_0_0/cpu_pick21_32_5_0_0/cpu_pick21_32_5_0_0_in_context.xdc] for cell 'pick21_32_5_0'
Parsing XDC File [/home/eadric/Desktop/singleCpu/singleCpu.srcs/sources_1/bd/cpu/ip/cpu_alu_0_0/cpu_alu_0_0/cpu_alu_0_0_in_context.xdc] for cell 'alu_0'
Finished Parsing XDC File [/home/eadric/Desktop/singleCpu/singleCpu.srcs/sources_1/bd/cpu/ip/cpu_alu_0_0/cpu_alu_0_0/cpu_alu_0_0_in_context.xdc] for cell 'alu_0'
Parsing XDC File [/home/eadric/Desktop/singleCpu/singleCpu.srcs/sources_1/bd/cpu/ip/cpu_pick21_32_0_0/cpu_pick21_32_0_0/cpu_pick21_32_0_0_in_context.xdc] for cell 'pick21_32_0'
Finished Parsing XDC File [/home/eadric/Desktop/singleCpu/singleCpu.srcs/sources_1/bd/cpu/ip/cpu_pick21_32_0_0/cpu_pick21_32_0_0/cpu_pick21_32_0_0_in_context.xdc] for cell 'pick21_32_0'
Parsing XDC File [/home/eadric/Desktop/singleCpu/singleCpu.srcs/sources_1/bd/cpu/ip/cpu_pick41_0_0/cpu_pick41_0_0/cpu_pick41_0_0_in_context.xdc] for cell 'pick41_0'
Finished Parsing XDC File [/home/eadric/Desktop/singleCpu/singleCpu.srcs/sources_1/bd/cpu/ip/cpu_pick41_0_0/cpu_pick41_0_0/cpu_pick41_0_0_in_context.xdc] for cell 'pick41_0'
Parsing XDC File [/home/eadric/Desktop/singleCpu/singleCpu.srcs/sources_1/bd/cpu/ip/cpu_pick21_32_1_0/cpu_pick21_32_1_0/cpu_pick21_32_1_0_in_context.xdc] for cell 'pick21_32_1'
Finished Parsing XDC File [/home/eadric/Desktop/singleCpu/singleCpu.srcs/sources_1/bd/cpu/ip/cpu_pick21_32_1_0/cpu_pick21_32_1_0/cpu_pick21_32_1_0_in_context.xdc] for cell 'pick21_32_1'
Parsing XDC File [/home/eadric/Desktop/singleCpu/singleCpu.srcs/sources_1/bd/cpu/ip/cpu_dataMem_0_0/cpu_dataMem_0_0/cpu_dataMem_0_0_in_context.xdc] for cell 'dataMem_0'
Finished Parsing XDC File [/home/eadric/Desktop/singleCpu/singleCpu.srcs/sources_1/bd/cpu/ip/cpu_dataMem_0_0/cpu_dataMem_0_0/cpu_dataMem_0_0_in_context.xdc] for cell 'dataMem_0'
Parsing XDC File [/home/eadric/Desktop/singleCpu/singleCpu.srcs/sources_1/bd/cpu/ip/cpu_clock_0_0/cpu_clock_0_0/cpu_clock_0_0_in_context.xdc] for cell 'clock_0'
Finished Parsing XDC File [/home/eadric/Desktop/singleCpu/singleCpu.srcs/sources_1/bd/cpu/ip/cpu_clock_0_0/cpu_clock_0_0/cpu_clock_0_0_in_context.xdc] for cell 'clock_0'
Parsing XDC File [/home/eadric/Desktop/singleCpu/singleCpu.srcs/sources_1/bd/cpu/ip/cpu_show_0_0/cpu_show_0_0/cpu_show_0_0_in_context.xdc] for cell 'show_0'
Finished Parsing XDC File [/home/eadric/Desktop/singleCpu/singleCpu.srcs/sources_1/bd/cpu/ip/cpu_show_0_0/cpu_show_0_0/cpu_show_0_0_in_context.xdc] for cell 'show_0'
Parsing XDC File [/home/eadric/Desktop/singleCpu/singleCpu.srcs/sources_1/bd/cpu/ip/cpu_pick_data_0_0/cpu_pick_data_0_0/cpu_pick_data_0_0_in_context.xdc] for cell 'pick_data_0'
Finished Parsing XDC File [/home/eadric/Desktop/singleCpu/singleCpu.srcs/sources_1/bd/cpu/ip/cpu_pick_data_0_0/cpu_pick_data_0_0/cpu_pick_data_0_0_in_context.xdc] for cell 'pick_data_0'
Parsing XDC File [/home/eadric/Desktop/singleCpu/singleCpu.srcs/sources_1/bd/cpu/ip/cpu_led_0_0/cpu_led_0_0/cpu_led_0_0_in_context.xdc] for cell 'led_0'
Finished Parsing XDC File [/home/eadric/Desktop/singleCpu/singleCpu.srcs/sources_1/bd/cpu/ip/cpu_led_0_0/cpu_led_0_0/cpu_led_0_0_in_context.xdc] for cell 'led_0'
Parsing XDC File [/home/eadric/Desktop/singleCpu/singleCpu.srcs/sources_1/bd/cpu/ip/cpu_clk_divide_0_0/cpu_clk_divide_0_0/cpu_clk_divide_0_0_in_context.xdc] for cell 'clk_divide_0'
Finished Parsing XDC File [/home/eadric/Desktop/singleCpu/singleCpu.srcs/sources_1/bd/cpu/ip/cpu_clk_divide_0_0/cpu_clk_divide_0_0/cpu_clk_divide_0_0_in_context.xdc] for cell 'clk_divide_0'
Parsing XDC File [/home/eadric/Desktop/singleCpu/singleCpu.srcs/sources_1/bd/cpu/ip/cpu_IR_0_0/cpu_IR_0_0/cpu_IR_0_0_in_context.xdc] for cell 'IR_0'
Finished Parsing XDC File [/home/eadric/Desktop/singleCpu/singleCpu.srcs/sources_1/bd/cpu/ip/cpu_IR_0_0/cpu_IR_0_0/cpu_IR_0_0_in_context.xdc] for cell 'IR_0'
Parsing XDC File [/home/eadric/Desktop/singleCpu/singleCpu.srcs/sources_1/bd/cpu/ip/cpu_transtate_0_0/cpu_transtate_0_0/cpu_transtate_0_0_in_context.xdc] for cell 'transtate_0'
Finished Parsing XDC File [/home/eadric/Desktop/singleCpu/singleCpu.srcs/sources_1/bd/cpu/ip/cpu_transtate_0_0/cpu_transtate_0_0/cpu_transtate_0_0_in_context.xdc] for cell 'transtate_0'
Parsing XDC File [/home/eadric/Desktop/singleCpu/singleCpu.srcs/constrs_1/new/cpu_constraint.xdc]
WARNING: [Vivado 12-507] No nets matched 'CLK_0_IBUF'. [/home/eadric/Desktop/singleCpu/singleCpu.srcs/constrs_1/new/cpu_constraint.xdc:1]
Finished Parsing XDC File [/home/eadric/Desktop/singleCpu/singleCpu.srcs/constrs_1/new/cpu_constraint.xdc]
WARNING: [Project 1-498] One or more constraints failed evaluation while reading constraint file [/home/eadric/Desktop/singleCpu/singleCpu.srcs/constrs_1/new/cpu_constraint.xdc] and the design contains unresolved black boxes. These constraints will be read post-synthesis (as long as their source constraint file is marked as used_in_implementation) and should be applied correctly then. You should review the constraints listed in the file [.Xil/cpu_propImpl.xdc] and check the run log file to verify that these constraints were correctly applied.
INFO: [Project 1-236] Implementation specific constraints were found while reading constraint file [/home/eadric/Desktop/singleCpu/singleCpu.srcs/constrs_1/new/cpu_constraint.xdc]. These constraints will be ignored for synthesis but will be used in implementation. Impacted constraints are listed in the file [.Xil/cpu_propImpl.xdc].
Resolution: To avoid this warning, move constraints listed in [.Xil/cpu_propImpl.xdc] to another XDC file and exclude this new file from synthesis with the used_in_synthesis property (File Properties dialog in GUI) and re-run elaboration/synthesis.
Parsing XDC File [/home/eadric/Desktop/singleCpu/singleCpu.runs/synth_1/dont_touch.xdc]
Finished Parsing XDC File [/home/eadric/Desktop/singleCpu/singleCpu.runs/synth_1/dont_touch.xdc]
Completed Processing XDC Constraints

INFO: [Project 1-111] Unisim Transformation Summary:
No Unisim elements were transformed.

Constraint Validation Runtime : Time (s): cpu = 00:00:00.01 ; elapsed = 00:00:00.01 . Memory (MB): peak = 1634.488 ; gain = 0.000 ; free physical = 293 ; free virtual = 3987
---------------------------------------------------------------------------------
Finished Constraint Validation : Time (s): cpu = 00:00:26 ; elapsed = 00:00:40 . Memory (MB): peak = 1634.488 ; gain = 128.219 ; free physical = 360 ; free virtual = 4054
---------------------------------------------------------------------------------
---------------------------------------------------------------------------------
Start Loading Part and Timing Information
---------------------------------------------------------------------------------
Loading part: xc7a35tcpg236-1
---------------------------------------------------------------------------------
Finished Loading Part and Timing Information : Time (s): cpu = 00:00:26 ; elapsed = 00:00:40 . Memory (MB): peak = 1634.488 ; gain = 128.219 ; free physical = 360 ; free virtual = 4054
---------------------------------------------------------------------------------
---------------------------------------------------------------------------------
Start Applying 'set_property' XDC Constraints
---------------------------------------------------------------------------------
Applied set_property DONT_TOUCH = true for pc_0. (constraint file  auto generated constraint, line ).
Applied set_property DONT_TOUCH = true for four_0. (constraint file  auto generated constraint, line ).
Applied set_property DONT_TOUCH = true for lshift2_26_0. (constraint file  auto generated constraint, line ).
Applied set_property DONT_TOUCH = true for jExtend_0. (constraint file  auto generated constraint, line ).
Applied set_property DONT_TOUCH = true for szExtend_0. (constraint file  auto generated constraint, line ).
Applied set_property DONT_TOUCH = true for add_0. (constraint file  auto generated constraint, line ).
Applied set_property DONT_TOUCH = true for insMem_0. (constraint file  auto generated constraint, line ).
Applied set_property DONT_TOUCH = true for addBranch_0. (constraint file  auto generated constraint, line ).
Applied set_property DONT_TOUCH = true for lShift2_0. (constraint file  auto generated constraint, line ).
Applied set_property DONT_TOUCH = true for ctrlUnit_0. (constraint file  auto generated constraint, line ).
Applied set_property DONT_TOUCH = true for regFile_0. (constraint file  auto generated constraint, line ).
Applied set_property DONT_TOUCH = true for pick21_32_5_0. (constraint file  auto generated constraint, line ).
Applied set_property DONT_TOUCH = true for alu_0. (constraint file  auto generated constraint, line ).
Applied set_property DONT_TOUCH = true for pick21_32_0. (constraint file  auto generated constraint, line ).
Applied set_property DONT_TOUCH = true for pick41_0. (constraint file  auto generated constraint, line ).
Applied set_property DONT_TOUCH = true for pick21_32_1. (constraint file  auto generated constraint, line ).
Applied set_property DONT_TOUCH = true for dataMem_0. (constraint file  auto generated constraint, line ).
Applied set_property DONT_TOUCH = true for clock_0. (constraint file  auto generated constraint, line ).
Applied set_property DONT_TOUCH = true for show_0. (constraint file  auto generated constraint, line ).
Applied set_property DONT_TOUCH = true for pick_data_0. (constraint file  auto generated constraint, line ).
Applied set_property DONT_TOUCH = true for led_0. (constraint file  auto generated constraint, line ).
Applied set_property DONT_TOUCH = true for clk_divide_0. (constraint file  auto generated constraint, line ).
Applied set_property DONT_TOUCH = true for IR_0. (constraint file  auto generated constraint, line ).
Applied set_property DONT_TOUCH = true for transtate_0. (constraint file  auto generated constraint, line ).
---------------------------------------------------------------------------------
Finished applying 'set_property' XDC Constraints : Time (s): cpu = 00:00:26 ; elapsed = 00:00:40 . Memory (MB): peak = 1634.488 ; gain = 128.219 ; free physical = 362 ; free virtual = 4056
---------------------------------------------------------------------------------
---------------------------------------------------------------------------------
Finished RTL Optimization Phase 2 : Time (s): cpu = 00:00:26 ; elapsed = 00:00:40 . Memory (MB): peak = 1634.488 ; gain = 128.219 ; free physical = 360 ; free virtual = 4055
---------------------------------------------------------------------------------

Report RTL Partitions: 
+-+--------------+------------+----------+
| |RTL Partition |Replication |Instances |
+-+--------------+------------+----------+
+-+--------------+------------+----------+
---------------------------------------------------------------------------------
Start RTL Component Statistics 
---------------------------------------------------------------------------------
Detailed RTL Component Info : 
---------------------------------------------------------------------------------
Finished RTL Component Statistics 
---------------------------------------------------------------------------------
---------------------------------------------------------------------------------
Start RTL Hierarchical Component Statistics 
---------------------------------------------------------------------------------
Hierarchical RTL Component report 
---------------------------------------------------------------------------------
Finished RTL Hierarchical Component Statistics
---------------------------------------------------------------------------------
---------------------------------------------------------------------------------
Start Part Resource Summary
---------------------------------------------------------------------------------
Part Resources:
DSPs: 90 (col length:60)
BRAMs: 100 (col length: RAMB18 60 RAMB36 30)
---------------------------------------------------------------------------------
Finished Part Resource Summary
---------------------------------------------------------------------------------
---------------------------------------------------------------------------------
Start Cross Boundary and Area Optimization
---------------------------------------------------------------------------------
Warning: Parallel synthesis criteria is not met 
---------------------------------------------------------------------------------
Finished Cross Boundary and Area Optimization : Time (s): cpu = 00:00:27 ; elapsed = 00:00:41 . Memory (MB): peak = 1634.488 ; gain = 128.219 ; free physical = 350 ; free virtual = 4046
---------------------------------------------------------------------------------

Report RTL Partitions: 
+-+--------------+------------+----------+
| |RTL Partition |Replication |Instances |
+-+--------------+------------+----------+
+-+--------------+------------+----------+
---------------------------------------------------------------------------------
Start Applying XDC Timing Constraints
---------------------------------------------------------------------------------
---------------------------------------------------------------------------------
Finished Applying XDC Timing Constraints : Time (s): cpu = 00:00:34 ; elapsed = 00:00:51 . Memory (MB): peak = 1634.488 ; gain = 128.219 ; free physical = 227 ; free virtual = 3923
---------------------------------------------------------------------------------
---------------------------------------------------------------------------------
Start Timing Optimization
---------------------------------------------------------------------------------
---------------------------------------------------------------------------------
Finished Timing Optimization : Time (s): cpu = 00:00:34 ; elapsed = 00:00:51 . Memory (MB): peak = 1634.488 ; gain = 128.219 ; free physical = 227 ; free virtual = 3923
---------------------------------------------------------------------------------

Report RTL Partitions: 
+-+--------------+------------+----------+
| |RTL Partition |Replication |Instances |
+-+--------------+------------+----------+
+-+--------------+------------+----------+
---------------------------------------------------------------------------------
Start Technology Mapping
---------------------------------------------------------------------------------
---------------------------------------------------------------------------------
Finished Technology Mapping : Time (s): cpu = 00:00:34 ; elapsed = 00:00:51 . Memory (MB): peak = 1634.488 ; gain = 128.219 ; free physical = 226 ; free virtual = 3922
---------------------------------------------------------------------------------

Report RTL Partitions: 
+-+--------------+------------+----------+
| |RTL Partition |Replication |Instances |
+-+--------------+------------+----------+
+-+--------------+------------+----------+
---------------------------------------------------------------------------------
Start IO Insertion
---------------------------------------------------------------------------------
---------------------------------------------------------------------------------
Start Flattening Before IO Insertion
---------------------------------------------------------------------------------
---------------------------------------------------------------------------------
Finished Flattening Before IO Insertion
---------------------------------------------------------------------------------
---------------------------------------------------------------------------------
Start Final Netlist Cleanup
---------------------------------------------------------------------------------
---------------------------------------------------------------------------------
Finished Final Netlist Cleanup
---------------------------------------------------------------------------------
---------------------------------------------------------------------------------
Finished IO Insertion : Time (s): cpu = 00:00:34 ; elapsed = 00:00:51 . Memory (MB): peak = 1634.488 ; gain = 128.219 ; free physical = 225 ; free virtual = 3922
---------------------------------------------------------------------------------

Report Check Netlist: 
+------+------------------+-------+---------+-------+------------------+
|      |Item              |Errors |Warnings |Status |Description       |
+------+------------------+-------+---------+-------+------------------+
|1     |multi_driven_nets |      0|        0|Passed |Multi driven nets |
+------+------------------+-------+---------+-------+------------------+
---------------------------------------------------------------------------------
Start Renaming Generated Instances
---------------------------------------------------------------------------------
---------------------------------------------------------------------------------
Finished Renaming Generated Instances : Time (s): cpu = 00:00:34 ; elapsed = 00:00:51 . Memory (MB): peak = 1634.488 ; gain = 128.219 ; free physical = 225 ; free virtual = 3922
---------------------------------------------------------------------------------

Report RTL Partitions: 
+-+--------------+------------+----------+
| |RTL Partition |Replication |Instances |
+-+--------------+------------+----------+
+-+--------------+------------+----------+
---------------------------------------------------------------------------------
Start Rebuilding User Hierarchy
---------------------------------------------------------------------------------
---------------------------------------------------------------------------------
Finished Rebuilding User Hierarchy : Time (s): cpu = 00:00:34 ; elapsed = 00:00:51 . Memory (MB): peak = 1634.488 ; gain = 128.219 ; free physical = 225 ; free virtual = 3922
---------------------------------------------------------------------------------
---------------------------------------------------------------------------------
Start Renaming Generated Ports
---------------------------------------------------------------------------------
---------------------------------------------------------------------------------
Finished Renaming Generated Ports : Time (s): cpu = 00:00:34 ; elapsed = 00:00:51 . Memory (MB): peak = 1634.488 ; gain = 128.219 ; free physical = 225 ; free virtual = 3922
---------------------------------------------------------------------------------
---------------------------------------------------------------------------------
Start Handling Custom Attributes
---------------------------------------------------------------------------------
---------------------------------------------------------------------------------
Finished Handling Custom Attributes : Time (s): cpu = 00:00:34 ; elapsed = 00:00:51 . Memory (MB): peak = 1634.488 ; gain = 128.219 ; free physical = 225 ; free virtual = 3922
---------------------------------------------------------------------------------
---------------------------------------------------------------------------------
Start Renaming Generated Nets
---------------------------------------------------------------------------------
---------------------------------------------------------------------------------
Finished Renaming Generated Nets : Time (s): cpu = 00:00:34 ; elapsed = 00:00:51 . Memory (MB): peak = 1634.488 ; gain = 128.219 ; free physical = 225 ; free virtual = 3922
---------------------------------------------------------------------------------
---------------------------------------------------------------------------------
Start Writing Synthesis Report
---------------------------------------------------------------------------------

Report BlackBoxes: 
+------+--------------------+----------+
|      |BlackBox name       |Instances |
+------+--------------------+----------+
|1     |cpu_IR_0_0          |         1|
|2     |cpu_addBranch_0_0   |         1|
|3     |cpu_add_0_0         |         1|
|4     |cpu_alu_0_0         |         1|
|5     |cpu_clk_divide_0_0  |         1|
|6     |cpu_clock_0_0       |         1|
|7     |cpu_ctrlUnit_0_0    |         1|
|8     |cpu_dataMem_0_0     |         1|
|9     |cpu_four_0_0        |         1|
|10    |cpu_insMem_0_0      |         1|
|11    |cpu_jExtend_0_0     |         1|
|12    |cpu_lShift2_0_0     |         1|
|13    |cpu_led_0_0         |         1|
|14    |cpu_lshift2_26_0_0  |         1|
|15    |cpu_pc_0_0          |         1|
|16    |cpu_pick21_32_0_0   |         1|
|17    |cpu_pick21_32_1_0   |         1|
|18    |cpu_pick21_32_5_0_0 |         1|
|19    |cpu_pick41_0_0      |         1|
|20    |cpu_pick_data_0_0   |         1|
|21    |cpu_regFile_0_0     |         1|
|22    |cpu_show_0_0        |         1|
|23    |cpu_szExtend_0_0    |         1|
|24    |cpu_transtate_0_0   |         1|
+------+--------------------+----------+

Report Cell Usage: 
+------+--------------------+------+
|      |Cell                |Count |
+------+--------------------+------+
|1     |cpu_IR_0_0          |     1|
|2     |cpu_addBranch_0_0   |     1|
|3     |cpu_add_0_0         |     1|
|4     |cpu_alu_0_0         |     1|
|5     |cpu_clk_divide_0_0  |     1|
|6     |cpu_clock_0_0       |     1|
|7     |cpu_ctrlUnit_0_0    |     1|
|8     |cpu_dataMem_0_0     |     1|
|9     |cpu_four_0_0        |     1|
|10    |cpu_insMem_0_0      |     1|
|11    |cpu_jExtend_0_0     |     1|
|12    |cpu_lShift2_0_0     |     1|
|13    |cpu_led_0_0         |     1|
|14    |cpu_lshift2_26_0_0  |     1|
|15    |cpu_pc_0_0          |     1|
|16    |cpu_pick21_32_0_0   |     1|
|17    |cpu_pick21_32_1_0   |     1|
|18    |cpu_pick21_32_5_0_0 |     1|
|19    |cpu_pick41_0_0      |     1|
|20    |cpu_pick_data_0_0   |     1|
|21    |cpu_regFile_0_0     |     1|
|22    |cpu_show_0_0        |     1|
|23    |cpu_szExtend_0_0    |     1|
|24    |cpu_transtate_0_0   |     1|
|25    |IBUF                |     6|
|26    |OBUF                |    12|
+------+--------------------+------+

Report Instance Areas: 
+------+---------+-------+------+
|      |Instance |Module |Cells |
+------+---------+-------+------+
|1     |top      |       |   688|
+------+---------+-------+------+
---------------------------------------------------------------------------------
Finished Writing Synthesis Report : Time (s): cpu = 00:00:34 ; elapsed = 00:00:51 . Memory (MB): peak = 1634.488 ; gain = 128.219 ; free physical = 225 ; free virtual = 3922
---------------------------------------------------------------------------------
Synthesis finished with 0 errors, 0 critical warnings and 0 warnings.
Synthesis Optimization Runtime : Time (s): cpu = 00:00:27 ; elapsed = 00:00:32 . Memory (MB): peak = 1634.488 ; gain = 0.000 ; free physical = 280 ; free virtual = 3977
Synthesis Optimization Complete : Time (s): cpu = 00:00:34 ; elapsed = 00:00:51 . Memory (MB): peak = 1634.496 ; gain = 128.219 ; free physical = 282 ; free virtual = 3979
INFO: [Project 1-571] Translating synthesized netlist
INFO: [Netlist 29-17] Analyzing 6 Unisim elements for replacement
INFO: [Netlist 29-28] Unisim Transformation completed in 0 CPU seconds
INFO: [Project 1-570] Preparing netlist for logic optimization
INFO: [Opt 31-138] Pushed 0 inverter(s) to 0 load pin(s).
INFO: [Project 1-111] Unisim Transformation Summary:
No Unisim elements were transformed.

INFO: [Common 17-83] Releasing license: Synthesis
65 Infos, 2 Warnings, 0 Critical Warnings and 0 Errors encountered.
synth_design completed successfully
synth_design: Time (s): cpu = 00:00:59 ; elapsed = 00:01:00 . Memory (MB): peak = 1643.488 ; gain = 137.219 ; free physical = 269 ; free virtual = 3965
INFO: [Common 17-1381] The checkpoint '/home/eadric/Desktop/singleCpu/singleCpu.runs/synth_1/cpu.dcp' has been generated.
INFO: [runtcl-4] Executing : report_utilization -file cpu_utilization_synth.rpt -pb cpu_utilization_synth.pb
report_utilization: Time (s): cpu = 00:00:00.06 ; elapsed = 00:00:00.09 . Memory (MB): peak = 1643.488 ; gain = 0.000 ; free physical = 270 ; free virtual = 3967
INFO: [Common 17-206] Exiting Vivado at Thu Jun 14 19:31:49 2018...
