
*** Running vivado
    with args -log cpu_four_0_0.vds -m64 -product Vivado -mode batch -messageDb vivado.pb -notrace -source cpu_four_0_0.tcl


****** Vivado v2018.1 (64-bit)
  **** SW Build 2188600 on Wed Apr  4 18:39:19 MDT 2018
  **** IP Build 2185939 on Wed Apr  4 20:55:05 MDT 2018
    ** Copyright 1986-2018 Xilinx, Inc. All Rights Reserved.

source cpu_four_0_0.tcl -notrace
Command: synth_design -top cpu_four_0_0 -part xc7a35tcpg236-1 -mode out_of_context
Starting synth_design
Attempting to get a license for feature 'Synthesis' and/or device 'xc7a35t'
INFO: [Common 17-349] Got license for feature 'Synthesis' and/or device 'xc7a35t'
INFO: Launching helper process for spawning children vivado processes
INFO: Helper process launched with PID 17235 
---------------------------------------------------------------------------------
Starting RTL Elaboration : Time (s): cpu = 00:00:08 ; elapsed = 00:00:09 . Memory (MB): peak = 1316.598 ; gain = 63.988 ; free physical = 361 ; free virtual = 3874
---------------------------------------------------------------------------------
INFO: [Synth 8-6157] synthesizing module 'cpu_four_0_0' [/home/eadric/Desktop/singleCpu/singleCpu.srcs/sources_1/bd/cpu/ip/cpu_four_0_0/synth/cpu_four_0_0.v:57]
INFO: [Synth 8-6157] synthesizing module 'four' [/home/eadric/Desktop/singleCpu/singleCpu.srcs/sources_1/new/four.v:23]
INFO: [Synth 8-6155] done synthesizing module 'four' (1#1) [/home/eadric/Desktop/singleCpu/singleCpu.srcs/sources_1/new/four.v:23]
INFO: [Synth 8-6155] done synthesizing module 'cpu_four_0_0' (2#1) [/home/eadric/Desktop/singleCpu/singleCpu.srcs/sources_1/bd/cpu/ip/cpu_four_0_0/synth/cpu_four_0_0.v:57]
---------------------------------------------------------------------------------
Finished RTL Elaboration : Time (s): cpu = 00:00:09 ; elapsed = 00:00:10 . Memory (MB): peak = 1360.207 ; gain = 107.598 ; free physical = 374 ; free virtual = 3888
---------------------------------------------------------------------------------

Report Check Netlist: 
+------+------------------+-------+---------+-------+------------------+
|      |Item              |Errors |Warnings |Status |Description       |
+------+------------------+-------+---------+-------+------------------+
|1     |multi_driven_nets |      0|        0|Passed |Multi driven nets |
+------+------------------+-------+---------+-------+------------------+
---------------------------------------------------------------------------------
Start Handling Custom Attributes
---------------------------------------------------------------------------------
---------------------------------------------------------------------------------
Finished Handling Custom Attributes : Time (s): cpu = 00:00:09 ; elapsed = 00:00:10 . Memory (MB): peak = 1360.207 ; gain = 107.598 ; free physical = 374 ; free virtual = 3887
---------------------------------------------------------------------------------
---------------------------------------------------------------------------------
Finished RTL Optimization Phase 1 : Time (s): cpu = 00:00:09 ; elapsed = 00:00:10 . Memory (MB): peak = 1360.207 ; gain = 107.598 ; free physical = 374 ; free virtual = 3887
---------------------------------------------------------------------------------
INFO: [Device 21-403] Loading part xc7a35tcpg236-1
INFO: [Project 1-570] Preparing netlist for logic optimization

Processing XDC Constraints
Initializing timing engine
Completed Processing XDC Constraints

INFO: [Project 1-111] Unisim Transformation Summary:
No Unisim elements were transformed.

Constraint Validation Runtime : Time (s): cpu = 00:00:00.01 ; elapsed = 00:00:00.02 . Memory (MB): peak = 1547.574 ; gain = 0.000 ; free physical = 139 ; free virtual = 3653
---------------------------------------------------------------------------------
Finished Constraint Validation : Time (s): cpu = 00:00:24 ; elapsed = 00:00:36 . Memory (MB): peak = 1547.574 ; gain = 294.965 ; free physical = 205 ; free virtual = 3718
---------------------------------------------------------------------------------
---------------------------------------------------------------------------------
Start Loading Part and Timing Information
---------------------------------------------------------------------------------
Loading part: xc7a35tcpg236-1
---------------------------------------------------------------------------------
Finished Loading Part and Timing Information : Time (s): cpu = 00:00:24 ; elapsed = 00:00:36 . Memory (MB): peak = 1547.574 ; gain = 294.965 ; free physical = 205 ; free virtual = 3718
---------------------------------------------------------------------------------
---------------------------------------------------------------------------------
Start Applying 'set_property' XDC Constraints
---------------------------------------------------------------------------------
---------------------------------------------------------------------------------
Finished applying 'set_property' XDC Constraints : Time (s): cpu = 00:00:24 ; elapsed = 00:00:36 . Memory (MB): peak = 1547.574 ; gain = 294.965 ; free physical = 207 ; free virtual = 3720
---------------------------------------------------------------------------------
---------------------------------------------------------------------------------
Finished RTL Optimization Phase 2 : Time (s): cpu = 00:00:24 ; elapsed = 00:00:36 . Memory (MB): peak = 1547.574 ; gain = 294.965 ; free physical = 206 ; free virtual = 3720
---------------------------------------------------------------------------------

Report RTL Partitions: 
+-+--------------+------------+----------+
| |RTL Partition |Replication |Instances |
+-+--------------+------------+----------+
+-+--------------+------------+----------+
---------------------------------------------------------------------------------
Start RTL Component Statistics 
---------------------------------------------------------------------------------
Detailed RTL Component Info : 
---------------------------------------------------------------------------------
Finished RTL Component Statistics 
---------------------------------------------------------------------------------
---------------------------------------------------------------------------------
Start RTL Hierarchical Component Statistics 
---------------------------------------------------------------------------------
Hierarchical RTL Component report 
---------------------------------------------------------------------------------
Finished RTL Hierarchical Component Statistics
---------------------------------------------------------------------------------
---------------------------------------------------------------------------------
Start Part Resource Summary
---------------------------------------------------------------------------------
Part Resources:
DSPs: 90 (col length:60)
BRAMs: 100 (col length: RAMB18 60 RAMB36 30)
---------------------------------------------------------------------------------
Finished Part Resource Summary
---------------------------------------------------------------------------------
---------------------------------------------------------------------------------
Start Cross Boundary and Area Optimization
---------------------------------------------------------------------------------
Warning: Parallel synthesis criteria is not met 
WARNING: [Synth 8-3330] design cpu_four_0_0 has an empty top module
INFO: [Synth 8-3917] design cpu_four_0_0 has port out[31] driven by constant 0
INFO: [Synth 8-3917] design cpu_four_0_0 has port out[30] driven by constant 0
INFO: [Synth 8-3917] design cpu_four_0_0 has port out[29] driven by constant 0
INFO: [Synth 8-3917] design cpu_four_0_0 has port out[28] driven by constant 0
INFO: [Synth 8-3917] design cpu_four_0_0 has port out[27] driven by constant 0
INFO: [Synth 8-3917] design cpu_four_0_0 has port out[26] driven by constant 0
INFO: [Synth 8-3917] design cpu_four_0_0 has port out[25] driven by constant 0
INFO: [Synth 8-3917] design cpu_four_0_0 has port out[24] driven by constant 0
INFO: [Synth 8-3917] design cpu_four_0_0 has port out[23] driven by constant 0
INFO: [Synth 8-3917] design cpu_four_0_0 has port out[22] driven by constant 0
INFO: [Synth 8-3917] design cpu_four_0_0 has port out[21] driven by constant 0
INFO: [Synth 8-3917] design cpu_four_0_0 has port out[20] driven by constant 0
INFO: [Synth 8-3917] design cpu_four_0_0 has port out[19] driven by constant 0
INFO: [Synth 8-3917] design cpu_four_0_0 has port out[18] driven by constant 0
INFO: [Synth 8-3917] design cpu_four_0_0 has port out[17] driven by constant 0
INFO: [Synth 8-3917] design cpu_four_0_0 has port out[16] driven by constant 0
INFO: [Synth 8-3917] design cpu_four_0_0 has port out[15] driven by constant 0
INFO: [Synth 8-3917] design cpu_four_0_0 has port out[14] driven by constant 0
INFO: [Synth 8-3917] design cpu_four_0_0 has port out[13] driven by constant 0
INFO: [Synth 8-3917] design cpu_four_0_0 has port out[12] driven by constant 0
INFO: [Synth 8-3917] design cpu_four_0_0 has port out[11] driven by constant 0
INFO: [Synth 8-3917] design cpu_four_0_0 has port out[10] driven by constant 0
INFO: [Synth 8-3917] design cpu_four_0_0 has port out[9] driven by constant 0
INFO: [Synth 8-3917] design cpu_four_0_0 has port out[8] driven by constant 0
INFO: [Synth 8-3917] design cpu_four_0_0 has port out[7] driven by constant 0
INFO: [Synth 8-3917] design cpu_four_0_0 has port out[6] driven by constant 0
INFO: [Synth 8-3917] design cpu_four_0_0 has port out[5] driven by constant 0
INFO: [Synth 8-3917] design cpu_four_0_0 has port out[4] driven by constant 0
INFO: [Synth 8-3917] design cpu_four_0_0 has port out[3] driven by constant 0
INFO: [Synth 8-3917] design cpu_four_0_0 has port out[2] driven by constant 1
INFO: [Synth 8-3917] design cpu_four_0_0 has port out[1] driven by constant 0
INFO: [Synth 8-3917] design cpu_four_0_0 has port out[0] driven by constant 0
---------------------------------------------------------------------------------
Finished Cross Boundary and Area Optimization : Time (s): cpu = 00:00:25 ; elapsed = 00:00:37 . Memory (MB): peak = 1547.574 ; gain = 294.965 ; free physical = 204 ; free virtual = 3719
---------------------------------------------------------------------------------

Report RTL Partitions: 
+-+--------------+------------+----------+
| |RTL Partition |Replication |Instances |
+-+--------------+------------+----------+
+-+--------------+------------+----------+
---------------------------------------------------------------------------------
Start Applying XDC Timing Constraints
---------------------------------------------------------------------------------
---------------------------------------------------------------------------------
Finished Applying XDC Timing Constraints : Time (s): cpu = 00:00:31 ; elapsed = 00:00:46 . Memory (MB): peak = 1596.574 ; gain = 343.965 ; free physical = 80 ; free virtual = 3595
---------------------------------------------------------------------------------
---------------------------------------------------------------------------------
Start Timing Optimization
---------------------------------------------------------------------------------
---------------------------------------------------------------------------------
Finished Timing Optimization : Time (s): cpu = 00:00:31 ; elapsed = 00:00:46 . Memory (MB): peak = 1596.574 ; gain = 343.965 ; free physical = 80 ; free virtual = 3595
---------------------------------------------------------------------------------

Report RTL Partitions: 
+-+--------------+------------+----------+
| |RTL Partition |Replication |Instances |
+-+--------------+------------+----------+
+-+--------------+------------+----------+
---------------------------------------------------------------------------------
Start Technology Mapping
---------------------------------------------------------------------------------
---------------------------------------------------------------------------------
Finished Technology Mapping : Time (s): cpu = 00:00:31 ; elapsed = 00:00:46 . Memory (MB): peak = 1596.574 ; gain = 343.965 ; free physical = 80 ; free virtual = 3595
---------------------------------------------------------------------------------

Report RTL Partitions: 
+-+--------------+------------+----------+
| |RTL Partition |Replication |Instances |
+-+--------------+------------+----------+
+-+--------------+------------+----------+
---------------------------------------------------------------------------------
Start IO Insertion
---------------------------------------------------------------------------------
---------------------------------------------------------------------------------
Start Flattening Before IO Insertion
---------------------------------------------------------------------------------
---------------------------------------------------------------------------------
Finished Flattening Before IO Insertion
---------------------------------------------------------------------------------
---------------------------------------------------------------------------------
Start Final Netlist Cleanup
---------------------------------------------------------------------------------
---------------------------------------------------------------------------------
Finished Final Netlist Cleanup
---------------------------------------------------------------------------------
---------------------------------------------------------------------------------
Finished IO Insertion : Time (s): cpu = 00:00:32 ; elapsed = 00:00:46 . Memory (MB): peak = 1596.574 ; gain = 343.965 ; free physical = 79 ; free virtual = 3595
---------------------------------------------------------------------------------

Report Check Netlist: 
+------+------------------+-------+---------+-------+------------------+
|      |Item              |Errors |Warnings |Status |Description       |
+------+------------------+-------+---------+-------+------------------+
|1     |multi_driven_nets |      0|        0|Passed |Multi driven nets |
+------+------------------+-------+---------+-------+------------------+
---------------------------------------------------------------------------------
Start Renaming Generated Instances
---------------------------------------------------------------------------------
---------------------------------------------------------------------------------
Finished Renaming Generated Instances : Time (s): cpu = 00:00:32 ; elapsed = 00:00:46 . Memory (MB): peak = 1596.574 ; gain = 343.965 ; free physical = 79 ; free virtual = 3595
---------------------------------------------------------------------------------

Report RTL Partitions: 
+-+--------------+------------+----------+
| |RTL Partition |Replication |Instances |
+-+--------------+------------+----------+
+-+--------------+------------+----------+
---------------------------------------------------------------------------------
Start Rebuilding User Hierarchy
---------------------------------------------------------------------------------
---------------------------------------------------------------------------------
Finished Rebuilding User Hierarchy : Time (s): cpu = 00:00:32 ; elapsed = 00:00:46 . Memory (MB): peak = 1596.574 ; gain = 343.965 ; free physical = 79 ; free virtual = 3595
---------------------------------------------------------------------------------
---------------------------------------------------------------------------------
Start Renaming Generated Ports
---------------------------------------------------------------------------------
---------------------------------------------------------------------------------
Finished Renaming Generated Ports : Time (s): cpu = 00:00:32 ; elapsed = 00:00:46 . Memory (MB): peak = 1596.574 ; gain = 343.965 ; free physical = 79 ; free virtual = 3595
---------------------------------------------------------------------------------
---------------------------------------------------------------------------------
Start Handling Custom Attributes
---------------------------------------------------------------------------------
---------------------------------------------------------------------------------
Finished Handling Custom Attributes : Time (s): cpu = 00:00:32 ; elapsed = 00:00:46 . Memory (MB): peak = 1596.574 ; gain = 343.965 ; free physical = 79 ; free virtual = 3595
---------------------------------------------------------------------------------
---------------------------------------------------------------------------------
Start Renaming Generated Nets
---------------------------------------------------------------------------------
---------------------------------------------------------------------------------
Finished Renaming Generated Nets : Time (s): cpu = 00:00:32 ; elapsed = 00:00:46 . Memory (MB): peak = 1596.574 ; gain = 343.965 ; free physical = 79 ; free virtual = 3595
---------------------------------------------------------------------------------
---------------------------------------------------------------------------------
Start Writing Synthesis Report
---------------------------------------------------------------------------------

Report BlackBoxes: 
+-+--------------+----------+
| |BlackBox name |Instances |
+-+--------------+----------+
+-+--------------+----------+

Report Cell Usage: 
+-+-----+------+
| |Cell |Count |
+-+-----+------+
+-+-----+------+

Report Instance Areas: 
+------+---------+-------+------+
|      |Instance |Module |Cells |
+------+---------+-------+------+
|1     |top      |       |     0|
+------+---------+-------+------+
---------------------------------------------------------------------------------
Finished Writing Synthesis Report : Time (s): cpu = 00:00:32 ; elapsed = 00:00:46 . Memory (MB): peak = 1596.574 ; gain = 343.965 ; free physical = 79 ; free virtual = 3595
---------------------------------------------------------------------------------
Synthesis finished with 0 errors, 0 critical warnings and 1 warnings.
Synthesis Optimization Runtime : Time (s): cpu = 00:00:25 ; elapsed = 00:00:30 . Memory (MB): peak = 1596.574 ; gain = 156.598 ; free physical = 134 ; free virtual = 3649
Synthesis Optimization Complete : Time (s): cpu = 00:00:32 ; elapsed = 00:00:47 . Memory (MB): peak = 1596.582 ; gain = 343.965 ; free physical = 134 ; free virtual = 3649
INFO: [Project 1-571] Translating synthesized netlist
INFO: [Project 1-570] Preparing netlist for logic optimization
INFO: [Opt 31-138] Pushed 0 inverter(s) to 0 load pin(s).
INFO: [Project 1-111] Unisim Transformation Summary:
No Unisim elements were transformed.

INFO: [Common 17-83] Releasing license: Synthesis
45 Infos, 1 Warnings, 0 Critical Warnings and 0 Errors encountered.
synth_design completed successfully
synth_design: Time (s): cpu = 00:00:34 ; elapsed = 00:00:48 . Memory (MB): peak = 1616.574 ; gain = 416.438 ; free physical = 122 ; free virtual = 3638
INFO: [Common 17-1381] The checkpoint '/home/eadric/Desktop/singleCpu/singleCpu.runs/cpu_four_0_0_synth_1/cpu_four_0_0.dcp' has been generated.
INFO: [Common 17-1381] The checkpoint '/home/eadric/Desktop/singleCpu/singleCpu.runs/cpu_four_0_0_synth_1/cpu_four_0_0.dcp' has been generated.
INFO: [runtcl-4] Executing : report_utilization -file cpu_four_0_0_utilization_synth.rpt -pb cpu_four_0_0_utilization_synth.pb
report_utilization: Time (s): cpu = 00:00:00.04 ; elapsed = 00:00:00.07 . Memory (MB): peak = 1616.574 ; gain = 0.000 ; free physical = 123 ; free virtual = 3638
INFO: [Common 17-206] Exiting Vivado at Fri May 25 16:25:01 2018...
