
*** Running vivado
    with args -log cpu_alu_0_0.vds -m64 -product Vivado -mode batch -messageDb vivado.pb -notrace -source cpu_alu_0_0.tcl


****** Vivado v2018.1 (64-bit)
  **** SW Build 2188600 on Wed Apr  4 18:39:19 MDT 2018
  **** IP Build 2185939 on Wed Apr  4 20:55:05 MDT 2018
    ** Copyright 1986-2018 Xilinx, Inc. All Rights Reserved.

source cpu_alu_0_0.tcl -notrace
Command: synth_design -top cpu_alu_0_0 -part xc7a35tcpg236-1 -mode out_of_context
Starting synth_design
Attempting to get a license for feature 'Synthesis' and/or device 'xc7a35t'
INFO: [Common 17-349] Got license for feature 'Synthesis' and/or device 'xc7a35t'
INFO: Launching helper process for spawning children vivado processes
INFO: Helper process launched with PID 4111 
---------------------------------------------------------------------------------
Starting Synthesize : Time (s): cpu = 00:00:13 ; elapsed = 00:00:23 . Memory (MB): peak = 1299.586 ; gain = 85.883 ; free physical = 77 ; free virtual = 4636
---------------------------------------------------------------------------------
INFO: [Synth 8-6157] synthesizing module 'cpu_alu_0_0' [/home/eadric/Desktop/singleCpu/singleCpu.srcs/sources_1/bd/cpu/ip/cpu_alu_0_0/synth/cpu_alu_0_0.v:57]
INFO: [Synth 8-6157] synthesizing module 'alu' [/home/eadric/Desktop/singleCpu/singleCpu.srcs/sources_1/new/alu.v:23]
INFO: [Synth 8-6155] done synthesizing module 'alu' (1#1) [/home/eadric/Desktop/singleCpu/singleCpu.srcs/sources_1/new/alu.v:23]
INFO: [Synth 8-6155] done synthesizing module 'cpu_alu_0_0' (2#1) [/home/eadric/Desktop/singleCpu/singleCpu.srcs/sources_1/bd/cpu/ip/cpu_alu_0_0/synth/cpu_alu_0_0.v:57]
---------------------------------------------------------------------------------
Finished Synthesize : Time (s): cpu = 00:00:15 ; elapsed = 00:00:28 . Memory (MB): peak = 1344.195 ; gain = 130.492 ; free physical = 227 ; free virtual = 4677
---------------------------------------------------------------------------------
---------------------------------------------------------------------------------
Finished Constraint Validation : Time (s): cpu = 00:00:15 ; elapsed = 00:00:29 . Memory (MB): peak = 1344.195 ; gain = 130.492 ; free physical = 219 ; free virtual = 4669
---------------------------------------------------------------------------------
---------------------------------------------------------------------------------
Start Loading Part and Timing Information
---------------------------------------------------------------------------------
Loading part: xc7a35tcpg236-1
---------------------------------------------------------------------------------
Finished Loading Part and Timing Information : Time (s): cpu = 00:00:15 ; elapsed = 00:00:29 . Memory (MB): peak = 1344.195 ; gain = 130.492 ; free physical = 213 ; free virtual = 4669
---------------------------------------------------------------------------------
INFO: [Synth 8-5818] HDL ADVISOR - The operator resource <adder> is shared. To prevent sharing consider applying a KEEP on the output of the operator [/home/eadric/Desktop/singleCpu/singleCpu.srcs/sources_1/new/alu.v:34]
INFO: [Device 21-403] Loading part xc7a35tcpg236-1
INFO: [Synth 8-5545] ROM "zero" won't be mapped to RAM because address size (32) is larger than maximum supported(25)
---------------------------------------------------------------------------------
Finished RTL Optimization Phase 2 : Time (s): cpu = 00:00:15 ; elapsed = 00:00:29 . Memory (MB): peak = 1360.211 ; gain = 146.508 ; free physical = 246 ; free virtual = 4710
---------------------------------------------------------------------------------

Report RTL Partitions: 
+-+--------------+------------+----------+
| |RTL Partition |Replication |Instances |
+-+--------------+------------+----------+
+-+--------------+------------+----------+
No constraint files found.
---------------------------------------------------------------------------------
Start RTL Component Statistics 
---------------------------------------------------------------------------------
Detailed RTL Component Info : 
+---Adders : 
	   3 Input     32 Bit       Adders := 1     
+---XORs : 
	   2 Input     32 Bit         XORs := 1     
+---Registers : 
	               32 Bit    Registers := 1     
+---Muxes : 
	   8 Input     32 Bit        Muxes := 1     
	   2 Input      2 Bit        Muxes := 1     
---------------------------------------------------------------------------------
Finished RTL Component Statistics 
---------------------------------------------------------------------------------
---------------------------------------------------------------------------------
Start RTL Hierarchical Component Statistics 
---------------------------------------------------------------------------------
Hierarchical RTL Component report 
Module alu 
Detailed RTL Component Info : 
+---Adders : 
	   3 Input     32 Bit       Adders := 1     
+---XORs : 
	   2 Input     32 Bit         XORs := 1     
+---Registers : 
	               32 Bit    Registers := 1     
+---Muxes : 
	   8 Input     32 Bit        Muxes := 1     
	   2 Input      2 Bit        Muxes := 1     
---------------------------------------------------------------------------------
Finished RTL Hierarchical Component Statistics
---------------------------------------------------------------------------------
---------------------------------------------------------------------------------
Start Part Resource Summary
---------------------------------------------------------------------------------
Part Resources:
DSPs: 90 (col length:60)
BRAMs: 100 (col length: RAMB18 60 RAMB36 30)
---------------------------------------------------------------------------------
Finished Part Resource Summary
---------------------------------------------------------------------------------
No constraint files found.
---------------------------------------------------------------------------------
Start Cross Boundary and Area Optimization
---------------------------------------------------------------------------------
Warning: Parallel synthesis criteria is not met 
INFO: [Synth 8-5545] ROM "inst/zero" won't be mapped to RAM because address size (32) is larger than maximum supported(25)
---------------------------------------------------------------------------------
Finished Cross Boundary and Area Optimization : Time (s): cpu = 00:00:23 ; elapsed = 00:02:26 . Memory (MB): peak = 1484.336 ; gain = 270.633 ; free physical = 74 ; free virtual = 3828
---------------------------------------------------------------------------------

Report RTL Partitions: 
+-+--------------+------------+----------+
| |RTL Partition |Replication |Instances |
+-+--------------+------------+----------+
+-+--------------+------------+----------+
No constraint files found.
---------------------------------------------------------------------------------
Start Timing Optimization
---------------------------------------------------------------------------------
---------------------------------------------------------------------------------
Finished Timing Optimization : Time (s): cpu = 00:00:23 ; elapsed = 00:02:27 . Memory (MB): peak = 1484.336 ; gain = 270.633 ; free physical = 91 ; free virtual = 3831
---------------------------------------------------------------------------------

Report RTL Partitions: 
+-+--------------+------------+----------+
| |RTL Partition |Replication |Instances |
+-+--------------+------------+----------+
+-+--------------+------------+----------+
---------------------------------------------------------------------------------
Start Technology Mapping
---------------------------------------------------------------------------------
---------------------------------------------------------------------------------
Finished Technology Mapping : Time (s): cpu = 00:00:23 ; elapsed = 00:02:27 . Memory (MB): peak = 1484.336 ; gain = 270.633 ; free physical = 96 ; free virtual = 3832
---------------------------------------------------------------------------------

Report RTL Partitions: 
+-+--------------+------------+----------+
| |RTL Partition |Replication |Instances |
+-+--------------+------------+----------+
+-+--------------+------------+----------+
---------------------------------------------------------------------------------
Start IO Insertion
---------------------------------------------------------------------------------
---------------------------------------------------------------------------------
Start Flattening Before IO Insertion
---------------------------------------------------------------------------------
---------------------------------------------------------------------------------
Finished Flattening Before IO Insertion
---------------------------------------------------------------------------------
---------------------------------------------------------------------------------
Start Final Netlist Cleanup
---------------------------------------------------------------------------------
---------------------------------------------------------------------------------
Finished Final Netlist Cleanup
---------------------------------------------------------------------------------
---------------------------------------------------------------------------------
Finished IO Insertion : Time (s): cpu = 00:00:24 ; elapsed = 00:02:32 . Memory (MB): peak = 1484.336 ; gain = 270.633 ; free physical = 76 ; free virtual = 3837
---------------------------------------------------------------------------------

Report Check Netlist: 
+------+------------------+-------+---------+-------+------------------+
|      |Item              |Errors |Warnings |Status |Description       |
+------+------------------+-------+---------+-------+------------------+
|1     |multi_driven_nets |      0|        0|Passed |Multi driven nets |
+------+------------------+-------+---------+-------+------------------+
---------------------------------------------------------------------------------
Start Renaming Generated Instances
---------------------------------------------------------------------------------
---------------------------------------------------------------------------------
Finished Renaming Generated Instances : Time (s): cpu = 00:00:24 ; elapsed = 00:02:32 . Memory (MB): peak = 1484.336 ; gain = 270.633 ; free physical = 75 ; free virtual = 3837
---------------------------------------------------------------------------------

Report RTL Partitions: 
+-+--------------+------------+----------+
| |RTL Partition |Replication |Instances |
+-+--------------+------------+----------+
+-+--------------+------------+----------+
---------------------------------------------------------------------------------
Start Rebuilding User Hierarchy
---------------------------------------------------------------------------------
---------------------------------------------------------------------------------
Finished Rebuilding User Hierarchy : Time (s): cpu = 00:00:24 ; elapsed = 00:02:32 . Memory (MB): peak = 1484.336 ; gain = 270.633 ; free physical = 74 ; free virtual = 3834
---------------------------------------------------------------------------------
---------------------------------------------------------------------------------
Start Renaming Generated Ports
---------------------------------------------------------------------------------
---------------------------------------------------------------------------------
Finished Renaming Generated Ports : Time (s): cpu = 00:00:24 ; elapsed = 00:02:32 . Memory (MB): peak = 1484.336 ; gain = 270.633 ; free physical = 73 ; free virtual = 3833
---------------------------------------------------------------------------------
---------------------------------------------------------------------------------
Start Handling Custom Attributes
---------------------------------------------------------------------------------
---------------------------------------------------------------------------------
Finished Handling Custom Attributes : Time (s): cpu = 00:00:24 ; elapsed = 00:02:32 . Memory (MB): peak = 1484.336 ; gain = 270.633 ; free physical = 85 ; free virtual = 3837
---------------------------------------------------------------------------------
---------------------------------------------------------------------------------
Start Renaming Generated Nets
---------------------------------------------------------------------------------
---------------------------------------------------------------------------------
Finished Renaming Generated Nets : Time (s): cpu = 00:00:24 ; elapsed = 00:02:32 . Memory (MB): peak = 1484.336 ; gain = 270.633 ; free physical = 82 ; free virtual = 3837
---------------------------------------------------------------------------------
---------------------------------------------------------------------------------
Start Writing Synthesis Report
---------------------------------------------------------------------------------

Report BlackBoxes: 
+-+--------------+----------+
| |BlackBox name |Instances |
+-+--------------+----------+
+-+--------------+----------+

Report Cell Usage: 
+------+-------+------+
|      |Cell   |Count |
+------+-------+------+
|1     |CARRY4 |    12|
|2     |LUT1   |     1|
|3     |LUT2   |    22|
|4     |LUT3   |    67|
|5     |LUT4   |    49|
|6     |LUT5   |    21|
|7     |LUT6   |   109|
|8     |MUXF7  |    21|
|9     |FDRE   |    32|
+------+-------+------+

Report Instance Areas: 
+------+---------+-------+------+
|      |Instance |Module |Cells |
+------+---------+-------+------+
|1     |top      |       |   334|
|2     |  inst   |alu    |   334|
+------+---------+-------+------+
---------------------------------------------------------------------------------
Finished Writing Synthesis Report : Time (s): cpu = 00:00:24 ; elapsed = 00:02:32 . Memory (MB): peak = 1484.336 ; gain = 270.633 ; free physical = 82 ; free virtual = 3837
---------------------------------------------------------------------------------
Synthesis finished with 0 errors, 0 critical warnings and 0 warnings.
Synthesis Optimization Runtime : Time (s): cpu = 00:00:24 ; elapsed = 00:02:32 . Memory (MB): peak = 1484.336 ; gain = 270.633 ; free physical = 84 ; free virtual = 3845
Synthesis Optimization Complete : Time (s): cpu = 00:00:24 ; elapsed = 00:02:32 . Memory (MB): peak = 1484.344 ; gain = 270.633 ; free physical = 69 ; free virtual = 3843
INFO: [Project 1-571] Translating synthesized netlist
INFO: [Netlist 29-17] Analyzing 33 Unisim elements for replacement
INFO: [Netlist 29-28] Unisim Transformation completed in 0 CPU seconds
INFO: [Project 1-570] Preparing netlist for logic optimization
INFO: [Opt 31-138] Pushed 0 inverter(s) to 0 load pin(s).
INFO: [Project 1-111] Unisim Transformation Summary:
No Unisim elements were transformed.

INFO: [Common 17-83] Releasing license: Synthesis
16 Infos, 0 Warnings, 0 Critical Warnings and 0 Errors encountered.
synth_design completed successfully
synth_design: Time (s): cpu = 00:00:28 ; elapsed = 00:04:51 . Memory (MB): peak = 1563.344 ; gain = 363.211 ; free physical = 191 ; free virtual = 3980
INFO: [Timing 38-35] Done setting XDC timing constraints.
INFO: [Common 17-1381] The checkpoint '/home/eadric/Desktop/singleCpu/singleCpu.runs/cpu_alu_0_0_synth_1/cpu_alu_0_0.dcp' has been generated.
write_checkpoint: Time (s): cpu = 00:00:12 ; elapsed = 00:06:06 . Memory (MB): peak = 2029.871 ; gain = 466.527 ; free physical = 81 ; free virtual = 2260
write_verilog: Time (s): cpu = 00:00:00.09 ; elapsed = 00:00:18 . Memory (MB): peak = 2029.871 ; gain = 0.000 ; free physical = 81 ; free virtual = 2317
write_vhdl: Time (s): cpu = 00:00:00.12 ; elapsed = 00:00:08 . Memory (MB): peak = 2029.871 ; gain = 0.000 ; free physical = 71 ; free virtual = 2324
config_ip_cache: Time (s): cpu = 00:00:00 ; elapsed = 00:00:14 . Memory (MB): peak = 2029.871 ; gain = 0.000 ; free physical = 82 ; free virtual = 2345
set_param: Time (s): cpu = 00:00:00 ; elapsed = 00:00:13 . Memory (MB): peak = 2029.871 ; gain = 0.000 ; free physical = 78 ; free virtual = 2352
INFO: [Common 17-1381] The checkpoint '/home/eadric/Desktop/singleCpu/singleCpu.runs/cpu_alu_0_0_synth_1/cpu_alu_0_0.dcp' has been generated.
INFO: [runtcl-4] Executing : report_utilization -file cpu_alu_0_0_utilization_synth.rpt -pb cpu_alu_0_0_utilization_synth.pb
report_utilization: Time (s): cpu = 00:00:00.12 ; elapsed = 00:00:10 . Memory (MB): peak = 2029.871 ; gain = 0.000 ; free physical = 73 ; free virtual = 2368
report_utilization: Time (s): cpu = 00:00:00.12 ; elapsed = 00:00:14 . Memory (MB): peak = 2029.871 ; gain = 0.000 ; free physical = 73 ; free virtual = 2372
INFO: [Common 17-206] Exiting Vivado at Wed Jun 13 10:04:35 2018...
