
*** Running vivado
    with args -log cpu_xlslice_0_2.vds -m64 -product Vivado -mode batch -messageDb vivado.pb -notrace -source cpu_xlslice_0_2.tcl


****** Vivado v2018.1 (64-bit)
  **** SW Build 2188600 on Wed Apr  4 18:39:19 MDT 2018
  **** IP Build 2185939 on Wed Apr  4 20:55:05 MDT 2018
    ** Copyright 1986-2018 Xilinx, Inc. All Rights Reserved.

source cpu_xlslice_0_2.tcl -notrace
Command: synth_design -top cpu_xlslice_0_2 -part xc7a35tcpg236-1 -mode out_of_context
Starting synth_design
Attempting to get a license for feature 'Synthesis' and/or device 'xc7a35t'
INFO: [Common 17-349] Got license for feature 'Synthesis' and/or device 'xc7a35t'
INFO: Launching helper process for spawning children vivado processes
INFO: Helper process launched with PID 8666 
---------------------------------------------------------------------------------
Starting RTL Elaboration : Time (s): cpu = 00:00:08 ; elapsed = 00:00:09 . Memory (MB): peak = 1291.578 ; gain = 83.000 ; free physical = 184 ; free virtual = 3635
---------------------------------------------------------------------------------
INFO: [Synth 8-6157] synthesizing module 'cpu_xlslice_0_2' [/home/eadric/Desktop/singleCpu/singleCpu.srcs/sources_1/bd/cpu/ip/cpu_xlslice_0_2/synth/cpu_xlslice_0_2.v:57]
INFO: [Synth 8-6157] synthesizing module 'xlslice_v1_0_1_xlslice' [/home/eadric/Desktop/singleCpu/singleCpu.srcs/sources_1/bd/cpu/ipshared/f3db/hdl/xlslice_v1_0_vl_rfs.v:13]
	Parameter DIN_WIDTH bound to: 32 - type: integer 
	Parameter DIN_FROM bound to: 31 - type: integer 
	Parameter DIN_TO bound to: 26 - type: integer 
INFO: [Synth 8-6155] done synthesizing module 'xlslice_v1_0_1_xlslice' (1#1) [/home/eadric/Desktop/singleCpu/singleCpu.srcs/sources_1/bd/cpu/ipshared/f3db/hdl/xlslice_v1_0_vl_rfs.v:13]
INFO: [Synth 8-6155] done synthesizing module 'cpu_xlslice_0_2' (2#1) [/home/eadric/Desktop/singleCpu/singleCpu.srcs/sources_1/bd/cpu/ip/cpu_xlslice_0_2/synth/cpu_xlslice_0_2.v:57]
WARNING: [Synth 8-3331] design xlslice_v1_0_1_xlslice has unconnected port Din[25]
WARNING: [Synth 8-3331] design xlslice_v1_0_1_xlslice has unconnected port Din[24]
WARNING: [Synth 8-3331] design xlslice_v1_0_1_xlslice has unconnected port Din[23]
WARNING: [Synth 8-3331] design xlslice_v1_0_1_xlslice has unconnected port Din[22]
WARNING: [Synth 8-3331] design xlslice_v1_0_1_xlslice has unconnected port Din[21]
WARNING: [Synth 8-3331] design xlslice_v1_0_1_xlslice has unconnected port Din[20]
WARNING: [Synth 8-3331] design xlslice_v1_0_1_xlslice has unconnected port Din[19]
WARNING: [Synth 8-3331] design xlslice_v1_0_1_xlslice has unconnected port Din[18]
WARNING: [Synth 8-3331] design xlslice_v1_0_1_xlslice has unconnected port Din[17]
WARNING: [Synth 8-3331] design xlslice_v1_0_1_xlslice has unconnected port Din[16]
WARNING: [Synth 8-3331] design xlslice_v1_0_1_xlslice has unconnected port Din[15]
WARNING: [Synth 8-3331] design xlslice_v1_0_1_xlslice has unconnected port Din[14]
WARNING: [Synth 8-3331] design xlslice_v1_0_1_xlslice has unconnected port Din[13]
WARNING: [Synth 8-3331] design xlslice_v1_0_1_xlslice has unconnected port Din[12]
WARNING: [Synth 8-3331] design xlslice_v1_0_1_xlslice has unconnected port Din[11]
WARNING: [Synth 8-3331] design xlslice_v1_0_1_xlslice has unconnected port Din[10]
WARNING: [Synth 8-3331] design xlslice_v1_0_1_xlslice has unconnected port Din[9]
WARNING: [Synth 8-3331] design xlslice_v1_0_1_xlslice has unconnected port Din[8]
WARNING: [Synth 8-3331] design xlslice_v1_0_1_xlslice has unconnected port Din[7]
WARNING: [Synth 8-3331] design xlslice_v1_0_1_xlslice has unconnected port Din[6]
WARNING: [Synth 8-3331] design xlslice_v1_0_1_xlslice has unconnected port Din[5]
WARNING: [Synth 8-3331] design xlslice_v1_0_1_xlslice has unconnected port Din[4]
WARNING: [Synth 8-3331] design xlslice_v1_0_1_xlslice has unconnected port Din[3]
WARNING: [Synth 8-3331] design xlslice_v1_0_1_xlslice has unconnected port Din[2]
WARNING: [Synth 8-3331] design xlslice_v1_0_1_xlslice has unconnected port Din[1]
WARNING: [Synth 8-3331] design xlslice_v1_0_1_xlslice has unconnected port Din[0]
---------------------------------------------------------------------------------
Finished RTL Elaboration : Time (s): cpu = 00:00:09 ; elapsed = 00:00:10 . Memory (MB): peak = 1336.188 ; gain = 127.609 ; free physical = 196 ; free virtual = 3649
---------------------------------------------------------------------------------

Report Check Netlist: 
+------+------------------+-------+---------+-------+------------------+
|      |Item              |Errors |Warnings |Status |Description       |
+------+------------------+-------+---------+-------+------------------+
|1     |multi_driven_nets |      0|        0|Passed |Multi driven nets |
+------+------------------+-------+---------+-------+------------------+
---------------------------------------------------------------------------------
Start Handling Custom Attributes
---------------------------------------------------------------------------------
---------------------------------------------------------------------------------
Finished Handling Custom Attributes : Time (s): cpu = 00:00:09 ; elapsed = 00:00:11 . Memory (MB): peak = 1336.188 ; gain = 127.609 ; free physical = 195 ; free virtual = 3648
---------------------------------------------------------------------------------
---------------------------------------------------------------------------------
Finished RTL Optimization Phase 1 : Time (s): cpu = 00:00:09 ; elapsed = 00:00:11 . Memory (MB): peak = 1336.188 ; gain = 127.609 ; free physical = 195 ; free virtual = 3648
---------------------------------------------------------------------------------
INFO: [Device 21-403] Loading part xc7a35tcpg236-1
INFO: [Project 1-570] Preparing netlist for logic optimization

Processing XDC Constraints
Initializing timing engine
Completed Processing XDC Constraints

INFO: [Project 1-111] Unisim Transformation Summary:
No Unisim elements were transformed.

Constraint Validation Runtime : Time (s): cpu = 00:00:00.02 ; elapsed = 00:00:00.04 . Memory (MB): peak = 1552.566 ; gain = 0.000 ; free physical = 71 ; free virtual = 3428
---------------------------------------------------------------------------------
Finished Constraint Validation : Time (s): cpu = 00:00:25 ; elapsed = 00:00:38 . Memory (MB): peak = 1552.566 ; gain = 343.988 ; free physical = 131 ; free virtual = 3494
---------------------------------------------------------------------------------
---------------------------------------------------------------------------------
Start Loading Part and Timing Information
---------------------------------------------------------------------------------
Loading part: xc7a35tcpg236-1
---------------------------------------------------------------------------------
Finished Loading Part and Timing Information : Time (s): cpu = 00:00:25 ; elapsed = 00:00:38 . Memory (MB): peak = 1552.566 ; gain = 343.988 ; free physical = 131 ; free virtual = 3494
---------------------------------------------------------------------------------
---------------------------------------------------------------------------------
Start Applying 'set_property' XDC Constraints
---------------------------------------------------------------------------------
---------------------------------------------------------------------------------
Finished applying 'set_property' XDC Constraints : Time (s): cpu = 00:00:25 ; elapsed = 00:00:38 . Memory (MB): peak = 1552.566 ; gain = 343.988 ; free physical = 133 ; free virtual = 3496
---------------------------------------------------------------------------------
---------------------------------------------------------------------------------
Finished RTL Optimization Phase 2 : Time (s): cpu = 00:00:25 ; elapsed = 00:00:38 . Memory (MB): peak = 1552.566 ; gain = 343.988 ; free physical = 132 ; free virtual = 3495
---------------------------------------------------------------------------------

Report RTL Partitions: 
+-+--------------+------------+----------+
| |RTL Partition |Replication |Instances |
+-+--------------+------------+----------+
+-+--------------+------------+----------+
---------------------------------------------------------------------------------
Start RTL Component Statistics 
---------------------------------------------------------------------------------
Detailed RTL Component Info : 
---------------------------------------------------------------------------------
Finished RTL Component Statistics 
---------------------------------------------------------------------------------
---------------------------------------------------------------------------------
Start RTL Hierarchical Component Statistics 
---------------------------------------------------------------------------------
Hierarchical RTL Component report 
---------------------------------------------------------------------------------
Finished RTL Hierarchical Component Statistics
---------------------------------------------------------------------------------
---------------------------------------------------------------------------------
Start Part Resource Summary
---------------------------------------------------------------------------------
Part Resources:
DSPs: 90 (col length:60)
BRAMs: 100 (col length: RAMB18 60 RAMB36 30)
---------------------------------------------------------------------------------
Finished Part Resource Summary
---------------------------------------------------------------------------------
---------------------------------------------------------------------------------
Start Cross Boundary and Area Optimization
---------------------------------------------------------------------------------
Warning: Parallel synthesis criteria is not met 
WARNING: [Synth 8-3330] design cpu_xlslice_0_2 has an empty top module
WARNING: [Synth 8-3331] design cpu_xlslice_0_2 has unconnected port Din[25]
WARNING: [Synth 8-3331] design cpu_xlslice_0_2 has unconnected port Din[24]
WARNING: [Synth 8-3331] design cpu_xlslice_0_2 has unconnected port Din[23]
WARNING: [Synth 8-3331] design cpu_xlslice_0_2 has unconnected port Din[22]
WARNING: [Synth 8-3331] design cpu_xlslice_0_2 has unconnected port Din[21]
WARNING: [Synth 8-3331] design cpu_xlslice_0_2 has unconnected port Din[20]
WARNING: [Synth 8-3331] design cpu_xlslice_0_2 has unconnected port Din[19]
WARNING: [Synth 8-3331] design cpu_xlslice_0_2 has unconnected port Din[18]
WARNING: [Synth 8-3331] design cpu_xlslice_0_2 has unconnected port Din[17]
WARNING: [Synth 8-3331] design cpu_xlslice_0_2 has unconnected port Din[16]
WARNING: [Synth 8-3331] design cpu_xlslice_0_2 has unconnected port Din[15]
WARNING: [Synth 8-3331] design cpu_xlslice_0_2 has unconnected port Din[14]
WARNING: [Synth 8-3331] design cpu_xlslice_0_2 has unconnected port Din[13]
WARNING: [Synth 8-3331] design cpu_xlslice_0_2 has unconnected port Din[12]
WARNING: [Synth 8-3331] design cpu_xlslice_0_2 has unconnected port Din[11]
WARNING: [Synth 8-3331] design cpu_xlslice_0_2 has unconnected port Din[10]
WARNING: [Synth 8-3331] design cpu_xlslice_0_2 has unconnected port Din[9]
WARNING: [Synth 8-3331] design cpu_xlslice_0_2 has unconnected port Din[8]
WARNING: [Synth 8-3331] design cpu_xlslice_0_2 has unconnected port Din[7]
WARNING: [Synth 8-3331] design cpu_xlslice_0_2 has unconnected port Din[6]
WARNING: [Synth 8-3331] design cpu_xlslice_0_2 has unconnected port Din[5]
WARNING: [Synth 8-3331] design cpu_xlslice_0_2 has unconnected port Din[4]
WARNING: [Synth 8-3331] design cpu_xlslice_0_2 has unconnected port Din[3]
WARNING: [Synth 8-3331] design cpu_xlslice_0_2 has unconnected port Din[2]
WARNING: [Synth 8-3331] design cpu_xlslice_0_2 has unconnected port Din[1]
WARNING: [Synth 8-3331] design cpu_xlslice_0_2 has unconnected port Din[0]
---------------------------------------------------------------------------------
Finished Cross Boundary and Area Optimization : Time (s): cpu = 00:00:25 ; elapsed = 00:00:38 . Memory (MB): peak = 1552.566 ; gain = 343.988 ; free physical = 128 ; free virtual = 3494
---------------------------------------------------------------------------------

Report RTL Partitions: 
+-+--------------+------------+----------+
| |RTL Partition |Replication |Instances |
+-+--------------+------------+----------+
+-+--------------+------------+----------+
---------------------------------------------------------------------------------
Start Applying XDC Timing Constraints
---------------------------------------------------------------------------------
---------------------------------------------------------------------------------
Finished Applying XDC Timing Constraints : Time (s): cpu = 00:00:31 ; elapsed = 00:00:47 . Memory (MB): peak = 1595.566 ; gain = 386.988 ; free physical = 70 ; free virtual = 3370
---------------------------------------------------------------------------------
---------------------------------------------------------------------------------
Start Timing Optimization
---------------------------------------------------------------------------------
---------------------------------------------------------------------------------
Finished Timing Optimization : Time (s): cpu = 00:00:31 ; elapsed = 00:00:47 . Memory (MB): peak = 1595.566 ; gain = 386.988 ; free physical = 70 ; free virtual = 3370
---------------------------------------------------------------------------------

Report RTL Partitions: 
+-+--------------+------------+----------+
| |RTL Partition |Replication |Instances |
+-+--------------+------------+----------+
+-+--------------+------------+----------+
---------------------------------------------------------------------------------
Start Technology Mapping
---------------------------------------------------------------------------------
---------------------------------------------------------------------------------
Finished Technology Mapping : Time (s): cpu = 00:00:31 ; elapsed = 00:00:47 . Memory (MB): peak = 1595.566 ; gain = 386.988 ; free physical = 69 ; free virtual = 3370
---------------------------------------------------------------------------------

Report RTL Partitions: 
+-+--------------+------------+----------+
| |RTL Partition |Replication |Instances |
+-+--------------+------------+----------+
+-+--------------+------------+----------+
---------------------------------------------------------------------------------
Start IO Insertion
---------------------------------------------------------------------------------
---------------------------------------------------------------------------------
Start Flattening Before IO Insertion
---------------------------------------------------------------------------------
---------------------------------------------------------------------------------
Finished Flattening Before IO Insertion
---------------------------------------------------------------------------------
---------------------------------------------------------------------------------
Start Final Netlist Cleanup
---------------------------------------------------------------------------------
---------------------------------------------------------------------------------
Finished Final Netlist Cleanup
---------------------------------------------------------------------------------
---------------------------------------------------------------------------------
Finished IO Insertion : Time (s): cpu = 00:00:32 ; elapsed = 00:00:48 . Memory (MB): peak = 1596.566 ; gain = 387.988 ; free physical = 69 ; free virtual = 3370
---------------------------------------------------------------------------------

Report Check Netlist: 
+------+------------------+-------+---------+-------+------------------+
|      |Item              |Errors |Warnings |Status |Description       |
+------+------------------+-------+---------+-------+------------------+
|1     |multi_driven_nets |      0|        0|Passed |Multi driven nets |
+------+------------------+-------+---------+-------+------------------+
---------------------------------------------------------------------------------
Start Renaming Generated Instances
---------------------------------------------------------------------------------
---------------------------------------------------------------------------------
Finished Renaming Generated Instances : Time (s): cpu = 00:00:32 ; elapsed = 00:00:48 . Memory (MB): peak = 1596.566 ; gain = 387.988 ; free physical = 69 ; free virtual = 3370
---------------------------------------------------------------------------------

Report RTL Partitions: 
+-+--------------+------------+----------+
| |RTL Partition |Replication |Instances |
+-+--------------+------------+----------+
+-+--------------+------------+----------+
---------------------------------------------------------------------------------
Start Rebuilding User Hierarchy
---------------------------------------------------------------------------------
---------------------------------------------------------------------------------
Finished Rebuilding User Hierarchy : Time (s): cpu = 00:00:32 ; elapsed = 00:00:48 . Memory (MB): peak = 1596.566 ; gain = 387.988 ; free physical = 69 ; free virtual = 3370
---------------------------------------------------------------------------------
---------------------------------------------------------------------------------
Start Renaming Generated Ports
---------------------------------------------------------------------------------
---------------------------------------------------------------------------------
Finished Renaming Generated Ports : Time (s): cpu = 00:00:32 ; elapsed = 00:00:48 . Memory (MB): peak = 1596.566 ; gain = 387.988 ; free physical = 69 ; free virtual = 3370
---------------------------------------------------------------------------------
---------------------------------------------------------------------------------
Start Handling Custom Attributes
---------------------------------------------------------------------------------
---------------------------------------------------------------------------------
Finished Handling Custom Attributes : Time (s): cpu = 00:00:32 ; elapsed = 00:00:48 . Memory (MB): peak = 1596.566 ; gain = 387.988 ; free physical = 69 ; free virtual = 3370
---------------------------------------------------------------------------------
---------------------------------------------------------------------------------
Start Renaming Generated Nets
---------------------------------------------------------------------------------
---------------------------------------------------------------------------------
Finished Renaming Generated Nets : Time (s): cpu = 00:00:32 ; elapsed = 00:00:48 . Memory (MB): peak = 1596.566 ; gain = 387.988 ; free physical = 69 ; free virtual = 3370
---------------------------------------------------------------------------------
---------------------------------------------------------------------------------
Start Writing Synthesis Report
---------------------------------------------------------------------------------

Report BlackBoxes: 
+-+--------------+----------+
| |BlackBox name |Instances |
+-+--------------+----------+
+-+--------------+----------+

Report Cell Usage: 
+-+-----+------+
| |Cell |Count |
+-+-----+------+
+-+-----+------+

Report Instance Areas: 
+------+---------+-------+------+
|      |Instance |Module |Cells |
+------+---------+-------+------+
|1     |top      |       |     0|
+------+---------+-------+------+
---------------------------------------------------------------------------------
Finished Writing Synthesis Report : Time (s): cpu = 00:00:32 ; elapsed = 00:00:48 . Memory (MB): peak = 1596.566 ; gain = 387.988 ; free physical = 69 ; free virtual = 3370
---------------------------------------------------------------------------------
Synthesis finished with 0 errors, 0 critical warnings and 27 warnings.
Synthesis Optimization Runtime : Time (s): cpu = 00:00:25 ; elapsed = 00:00:30 . Memory (MB): peak = 1596.566 ; gain = 171.609 ; free physical = 124 ; free virtual = 3424
Synthesis Optimization Complete : Time (s): cpu = 00:00:32 ; elapsed = 00:00:48 . Memory (MB): peak = 1596.574 ; gain = 387.988 ; free physical = 124 ; free virtual = 3424
INFO: [Project 1-571] Translating synthesized netlist
INFO: [Project 1-570] Preparing netlist for logic optimization
INFO: [Opt 31-138] Pushed 0 inverter(s) to 0 load pin(s).
INFO: [Project 1-111] Unisim Transformation Summary:
No Unisim elements were transformed.

INFO: [Common 17-83] Releasing license: Synthesis
13 Infos, 53 Warnings, 0 Critical Warnings and 0 Errors encountered.
synth_design completed successfully
synth_design: Time (s): cpu = 00:00:33 ; elapsed = 00:00:49 . Memory (MB): peak = 1611.566 ; gain = 422.445 ; free physical = 120 ; free virtual = 3413
INFO: [Common 17-1381] The checkpoint '/home/eadric/Desktop/singleCpu/singleCpu.runs/cpu_xlslice_0_2_synth_1/cpu_xlslice_0_2.dcp' has been generated.
